Linked: (/root/ari_public_catkin_ws/devel/.private/gazebo_msgs/include/gazebo_msgs/GetModelPropertiesResponse.h, /root/ari_public_catkin_ws/devel/include/gazebo_msgs/GetModelPropertiesResponse.h)
Linked: (/root/ari_public_catkin_ws/devel/.private/gazebo_msgs/include/gazebo_msgs/GetLinkStateRequest.h, /root/ari_public_catkin_ws/devel/include/gazebo_msgs/GetLinkStateRequest.h)
Linked: (/root/ari_public_catkin_ws/devel/.private/gazebo_msgs/include/gazebo_msgs/GetPhysicsPropertiesRequest.h, /root/ari_public_catkin_ws/devel/include/gazebo_msgs/GetPhysicsPropertiesRequest.h)
Linked: (/root/ari_public_catkin_ws/devel/.private/gazebo_msgs/include/gazebo_msgs/JointRequestRequest.h, /root/ari_public_catkin_ws/devel/include/gazebo_msgs/JointRequestRequest.h)
Linked: (/root/ari_public_catkin_ws/devel/.private/gazebo_msgs/include/gazebo_msgs/GetLightProperties.h, /root/ari_public_catkin_ws/devel/include/gazebo_msgs/GetLightProperties.h)
Linked: (/root/ari_public_catkin_ws/devel/.private/gazebo_msgs/include/gazebo_msgs/JointRequestResponse.h, /root/ari_public_catkin_ws/devel/include/gazebo_msgs/JointRequestResponse.h)
Linked: (/root/ari_public_catkin_ws/devel/.private/gazebo_msgs/include/gazebo_msgs/SetModelStateRequest.h, /root/ari_public_catkin_ws/devel/include/gazebo_msgs/SetModelStateRequest.h)
Linked: (/root/ari_public_catkin_ws/devel/.private/gazebo_msgs/include/gazebo_msgs/ApplyJointEffortRequest.h, /root/ari_public_catkin_ws/devel/include/gazebo_msgs/ApplyJointEffortRequest.h)
Linked: (/root/ari_public_catkin_ws/devel/.private/gazebo_msgs/include/gazebo_msgs/SetPhysicsPropertiesResponse.h, /root/ari_public_catkin_ws/devel/include/gazebo_msgs/SetPhysicsPropertiesResponse.h)
Linked: (/root/ari_public_catkin_ws/devel/.private/gazebo_msgs/include/gazebo_msgs/DeleteLightRequest.h, /root/ari_public_catkin_ws/devel/include/gazebo_msgs/DeleteLightRequest.h)
Linked: (/root/ari_public_catkin_ws/devel/.private/gazebo_msgs/include/gazebo_msgs/DeleteModelRequest.h, /root/ari_public_catkin_ws/devel/include/gazebo_msgs/DeleteModelRequest.h)
Linked: (/root/ari_public_catkin_ws/devel/.private/gazebo_msgs/include/gazebo_msgs/SetModelConfigurationRequest.h, /root/ari_public_catkin_ws/devel/include/gazebo_msgs/SetModelConfigurationRequest.h)
Linked: (/root/ari_public_catkin_ws/devel/.private/gazebo_msgs/include/gazebo_msgs/BodyRequestRequest.h, /root/ari_public_catkin_ws/devel/include/gazebo_msgs/BodyRequestRequest.h)
Linked: (/root/ari_public_catkin_ws/devel/.private/gazebo_msgs/include/gazebo_msgs/SpawnModel.h, /root/ari_public_catkin_ws/devel/include/gazebo_msgs/SpawnModel.h)
Linked: (/root/ari_public_catkin_ws/devel/.private/gazebo_msgs/include/gazebo_msgs/GetJointProperties.h, /root/ari_public_catkin_ws/devel/include/gazebo_msgs/GetJointProperties.h)
Linked: (/root/ari_public_catkin_ws/devel/.private/gazebo_msgs/include/gazebo_msgs/SetLinkPropertiesResponse.h, /root/ari_public_catkin_ws/devel/include/gazebo_msgs/SetLinkPropertiesResponse.h)
Linked: (/root/ari_public_catkin_ws/devel/.private/gazebo_msgs/include/gazebo_msgs/ModelState.h, /root/ari_public_catkin_ws/devel/include/gazebo_msgs/ModelState.h)
Linked: (/root/ari_public_catkin_ws/devel/.private/gazebo_msgs/include/gazebo_msgs/SetJointTrajectory.h, /root/ari_public_catkin_ws/devel/include/gazebo_msgs/SetJointTrajectory.h)
Linked: (/root/ari_public_catkin_ws/devel/.private/gazebo_msgs/include/gazebo_msgs/DeleteLight.h, /root/ari_public_catkin_ws/devel/include/gazebo_msgs/DeleteLight.h)
Linked: (/root/ari_public_catkin_ws/devel/.private/gazebo_msgs/include/gazebo_msgs/GetLinkProperties.h, /root/ari_public_catkin_ws/devel/include/gazebo_msgs/GetLinkProperties.h)
Linked: (/root/ari_public_catkin_ws/devel/.private/gazebo_msgs/include/gazebo_msgs/GetModelPropertiesRequest.h, /root/ari_public_catkin_ws/devel/include/gazebo_msgs/GetModelPropertiesRequest.h)
Linked: (/root/ari_public_catkin_ws/devel/.private/gazebo_msgs/include/gazebo_msgs/ApplyBodyWrenchResponse.h, /root/ari_public_catkin_ws/devel/include/gazebo_msgs/ApplyBodyWrenchResponse.h)
Linked: (/root/ari_public_catkin_ws/devel/.private/gazebo_msgs/include/gazebo_msgs/DeleteModel.h, /root/ari_public_catkin_ws/devel/include/gazebo_msgs/DeleteModel.h)
Linked: (/root/ari_public_catkin_ws/devel/.private/gazebo_msgs/include/gazebo_msgs/SetModelState.h, /root/ari_public_catkin_ws/devel/include/gazebo_msgs/SetModelState.h)
Linked: (/root/ari_public_catkin_ws/devel/.private/gazebo_msgs/include/gazebo_msgs/SetPhysicsPropertiesRequest.h, /root/ari_public_catkin_ws/devel/include/gazebo_msgs/SetPhysicsPropertiesRequest.h)
Linked: (/root/ari_public_catkin_ws/devel/.private/gazebo_msgs/include/gazebo_msgs/GetLinkPropertiesResponse.h, /root/ari_public_catkin_ws/devel/include/gazebo_msgs/GetLinkPropertiesResponse.h)
Linked: (/root/ari_public_catkin_ws/devel/.private/gazebo_msgs/include/gazebo_msgs/DeleteLightResponse.h, /root/ari_public_catkin_ws/devel/include/gazebo_msgs/DeleteLightResponse.h)
Linked: (/root/ari_public_catkin_ws/devel/.private/gazebo_msgs/include/gazebo_msgs/WorldState.h, /root/ari_public_catkin_ws/devel/include/gazebo_msgs/WorldState.h)
Linked: (/root/ari_public_catkin_ws/devel/.private/gazebo_msgs/include/gazebo_msgs/SetJointPropertiesRequest.h, /root/ari_public_catkin_ws/devel/include/gazebo_msgs/SetJointPropertiesRequest.h)
Linked: (/root/ari_public_catkin_ws/devel/.private/gazebo_msgs/include/gazebo_msgs/JointRequest.h, /root/ari_public_catkin_ws/devel/include/gazebo_msgs/JointRequest.h)
Linked: (/root/ari_public_catkin_ws/devel/.private/gazebo_msgs/include/gazebo_msgs/ApplyBodyWrenchRequest.h, /root/ari_public_catkin_ws/devel/include/gazebo_msgs/ApplyBodyWrenchRequest.h)
Linked: (/root/ari_public_catkin_ws/devel/.private/gazebo_msgs/include/gazebo_msgs/SetPhysicsProperties.h, /root/ari_public_catkin_ws/devel/include/gazebo_msgs/SetPhysicsProperties.h)
Linked: (/root/ari_public_catkin_ws/devel/.private/gazebo_msgs/include/gazebo_msgs/SetJointTrajectoryResponse.h, /root/ari_public_catkin_ws/devel/include/gazebo_msgs/SetJointTrajectoryResponse.h)
Linked: (/root/ari_public_catkin_ws/devel/.private/gazebo_msgs/include/gazebo_msgs/ApplyBodyWrench.h, /root/ari_public_catkin_ws/devel/include/gazebo_msgs/ApplyBodyWrench.h)
Linked: (/root/ari_public_catkin_ws/devel/.private/gazebo_msgs/include/gazebo_msgs/LinkState.h, /root/ari_public_catkin_ws/devel/include/gazebo_msgs/LinkState.h)
Linked: (/root/ari_public_catkin_ws/devel/.private/gazebo_msgs/include/gazebo_msgs/ApplyJointEffort.h, /root/ari_public_catkin_ws/devel/include/gazebo_msgs/ApplyJointEffort.h)
Linked: (/root/ari_public_catkin_ws/devel/.private/gazebo_msgs/include/gazebo_msgs/ModelStates.h, /root/ari_public_catkin_ws/devel/include/gazebo_msgs/ModelStates.h)
Linked: (/root/ari_public_catkin_ws/devel/.private/gazebo_msgs/include/gazebo_msgs/SetLightProperties.h, /root/ari_public_catkin_ws/devel/include/gazebo_msgs/SetLightProperties.h)
Linked: (/root/ari_public_catkin_ws/devel/.private/gazebo_msgs/include/gazebo_msgs/GetWorldPropertiesRequest.h, /root/ari_public_catkin_ws/devel/include/gazebo_msgs/GetWorldPropertiesRequest.h)
Linked: (/root/ari_public_catkin_ws/devel/.private/gazebo_msgs/include/gazebo_msgs/GetJointPropertiesRequest.h, /root/ari_public_catkin_ws/devel/include/gazebo_msgs/GetJointPropertiesRequest.h)
Linked: (/root/ari_public_catkin_ws/devel/.private/gazebo_msgs/include/gazebo_msgs/GetJointPropertiesResponse.h, /root/ari_public_catkin_ws/devel/include/gazebo_msgs/GetJointPropertiesResponse.h)
Linked: (/root/ari_public_catkin_ws/devel/.private/gazebo_msgs/include/gazebo_msgs/SetLinkState.h, /root/ari_public_catkin_ws/devel/include/gazebo_msgs/SetLinkState.h)
Linked: (/root/ari_public_catkin_ws/devel/.private/gazebo_msgs/include/gazebo_msgs/GetPhysicsPropertiesResponse.h, /root/ari_public_catkin_ws/devel/include/gazebo_msgs/GetPhysicsPropertiesResponse.h)
Linked: (/root/ari_public_catkin_ws/devel/.private/gazebo_msgs/include/gazebo_msgs/GetLinkStateResponse.h, /root/ari_public_catkin_ws/devel/include/gazebo_msgs/GetLinkStateResponse.h)
Linked: (/root/ari_public_catkin_ws/devel/.private/gazebo_msgs/include/gazebo_msgs/GetWorldProperties.h, /root/ari_public_catkin_ws/devel/include/gazebo_msgs/GetWorldProperties.h)
Linked: (/root/ari_public_catkin_ws/devel/.private/gazebo_msgs/include/gazebo_msgs/LinkStates.h, /root/ari_public_catkin_ws/devel/include/gazebo_msgs/LinkStates.h)
Linked: (/root/ari_public_catkin_ws/devel/.private/gazebo_msgs/include/gazebo_msgs/ContactsState.h, /root/ari_public_catkin_ws/devel/include/gazebo_msgs/ContactsState.h)
Linked: (/root/ari_public_catkin_ws/devel/.private/gazebo_msgs/include/gazebo_msgs/SetModelConfiguration.h, /root/ari_public_catkin_ws/devel/include/gazebo_msgs/SetModelConfiguration.h)
Linked: (/root/ari_public_catkin_ws/devel/.private/gazebo_msgs/include/gazebo_msgs/GetPhysicsProperties.h, /root/ari_public_catkin_ws/devel/include/gazebo_msgs/GetPhysicsProperties.h)
Linked: (/root/ari_public_catkin_ws/devel/.private/gazebo_msgs/include/gazebo_msgs/GetLinkPropertiesRequest.h, /root/ari_public_catkin_ws/devel/include/gazebo_msgs/GetLinkPropertiesRequest.h)
Linked: (/root/ari_public_catkin_ws/devel/.private/gazebo_msgs/include/gazebo_msgs/SetModelStateResponse.h, /root/ari_public_catkin_ws/devel/include/gazebo_msgs/SetModelStateResponse.h)
Linked: (/root/ari_public_catkin_ws/devel/.private/gazebo_msgs/include/gazebo_msgs/DeleteModelResponse.h, /root/ari_public_catkin_ws/devel/include/gazebo_msgs/DeleteModelResponse.h)
Linked: (/root/ari_public_catkin_ws/devel/.private/gazebo_msgs/include/gazebo_msgs/SetJointTrajectoryRequest.h, /root/ari_public_catkin_ws/devel/include/gazebo_msgs/SetJointTrajectoryRequest.h)
Linked: (/root/ari_public_catkin_ws/devel/.private/gazebo_msgs/include/gazebo_msgs/ContactState.h, /root/ari_public_catkin_ws/devel/include/gazebo_msgs/ContactState.h)
Linked: (/root/ari_public_catkin_ws/devel/.private/gazebo_msgs/include/gazebo_msgs/SetLinkStateRequest.h, /root/ari_public_catkin_ws/devel/include/gazebo_msgs/SetLinkStateRequest.h)
Linked: (/root/ari_public_catkin_ws/devel/.private/gazebo_msgs/include/gazebo_msgs/GetLightPropertiesRequest.h, /root/ari_public_catkin_ws/devel/include/gazebo_msgs/GetLightPropertiesRequest.h)
Linked: (/root/ari_public_catkin_ws/devel/.private/gazebo_msgs/include/gazebo_msgs/GetWorldPropertiesResponse.h, /root/ari_public_catkin_ws/devel/include/gazebo_msgs/GetWorldPropertiesResponse.h)
Linked: (/root/ari_public_catkin_ws/devel/.private/gazebo_msgs/include/gazebo_msgs/SetLightPropertiesRequest.h, /root/ari_public_catkin_ws/devel/include/gazebo_msgs/SetLightPropertiesRequest.h)
Linked: (/root/ari_public_catkin_ws/devel/.private/gazebo_msgs/include/gazebo_msgs/SetLightPropertiesResponse.h, /root/ari_public_catkin_ws/devel/include/gazebo_msgs/SetLightPropertiesResponse.h)
Linked: (/root/ari_public_catkin_ws/devel/.private/gazebo_msgs/include/gazebo_msgs/ODEPhysics.h, /root/ari_public_catkin_ws/devel/include/gazebo_msgs/ODEPhysics.h)
Linked: (/root/ari_public_catkin_ws/devel/.private/gazebo_msgs/include/gazebo_msgs/BodyRequest.h, /root/ari_public_catkin_ws/devel/include/gazebo_msgs/BodyRequest.h)
Linked: (/root/ari_public_catkin_ws/devel/.private/gazebo_msgs/include/gazebo_msgs/SetLinkStateResponse.h, /root/ari_public_catkin_ws/devel/include/gazebo_msgs/SetLinkStateResponse.h)
Linked: (/root/ari_public_catkin_ws/devel/.private/gazebo_msgs/include/gazebo_msgs/SpawnModelRequest.h, /root/ari_public_catkin_ws/devel/include/gazebo_msgs/SpawnModelRequest.h)
Linked: (/root/ari_public_catkin_ws/devel/.private/gazebo_msgs/include/gazebo_msgs/GetModelStateRequest.h, /root/ari_public_catkin_ws/devel/include/gazebo_msgs/GetModelStateRequest.h)
Linked: (/root/ari_public_catkin_ws/devel/.private/gazebo_msgs/include/gazebo_msgs/SetJointProperties.h, /root/ari_public_catkin_ws/devel/include/gazebo_msgs/SetJointProperties.h)
Linked: (/root/ari_public_catkin_ws/devel/.private/gazebo_msgs/include/gazebo_msgs/GetLightPropertiesResponse.h, /root/ari_public_catkin_ws/devel/include/gazebo_msgs/GetLightPropertiesResponse.h)
Linked: (/root/ari_public_catkin_ws/devel/.private/gazebo_msgs/include/gazebo_msgs/ODEJointProperties.h, /root/ari_public_catkin_ws/devel/include/gazebo_msgs/ODEJointProperties.h)
Linked: (/root/ari_public_catkin_ws/devel/.private/gazebo_msgs/include/gazebo_msgs/GetModelProperties.h, /root/ari_public_catkin_ws/devel/include/gazebo_msgs/GetModelProperties.h)
Linked: (/root/ari_public_catkin_ws/devel/.private/gazebo_msgs/include/gazebo_msgs/GetModelState.h, /root/ari_public_catkin_ws/devel/include/gazebo_msgs/GetModelState.h)
Linked: (/root/ari_public_catkin_ws/devel/.private/gazebo_msgs/include/gazebo_msgs/ApplyJointEffortResponse.h, /root/ari_public_catkin_ws/devel/include/gazebo_msgs/ApplyJointEffortResponse.h)
Linked: (/root/ari_public_catkin_ws/devel/.private/gazebo_msgs/include/gazebo_msgs/SetLinkPropertiesRequest.h, /root/ari_public_catkin_ws/devel/include/gazebo_msgs/SetLinkPropertiesRequest.h)
Linked: (/root/ari_public_catkin_ws/devel/.private/gazebo_msgs/include/gazebo_msgs/BodyRequestResponse.h, /root/ari_public_catkin_ws/devel/include/gazebo_msgs/BodyRequestResponse.h)
Linked: (/root/ari_public_catkin_ws/devel/.private/gazebo_msgs/include/gazebo_msgs/GetLinkState.h, /root/ari_public_catkin_ws/devel/include/gazebo_msgs/GetLinkState.h)
Linked: (/root/ari_public_catkin_ws/devel/.private/gazebo_msgs/include/gazebo_msgs/SetModelConfigurationResponse.h, /root/ari_public_catkin_ws/devel/include/gazebo_msgs/SetModelConfigurationResponse.h)
Linked: (/root/ari_public_catkin_ws/devel/.private/gazebo_msgs/include/gazebo_msgs/SetJointPropertiesResponse.h, /root/ari_public_catkin_ws/devel/include/gazebo_msgs/SetJointPropertiesResponse.h)
Linked: (/root/ari_public_catkin_ws/devel/.private/gazebo_msgs/include/gazebo_msgs/SetLinkProperties.h, /root/ari_public_catkin_ws/devel/include/gazebo_msgs/SetLinkProperties.h)
Linked: (/root/ari_public_catkin_ws/devel/.private/gazebo_msgs/include/gazebo_msgs/GetModelStateResponse.h, /root/ari_public_catkin_ws/devel/include/gazebo_msgs/GetModelStateResponse.h)
Linked: (/root/ari_public_catkin_ws/devel/.private/gazebo_msgs/include/gazebo_msgs/SpawnModelResponse.h, /root/ari_public_catkin_ws/devel/include/gazebo_msgs/SpawnModelResponse.h)
Linked: (/root/ari_public_catkin_ws/devel/.private/gazebo_msgs/lib/pkgconfig/gazebo_msgs.pc, /root/ari_public_catkin_ws/devel/lib/pkgconfig/gazebo_msgs.pc)
Linked: (/root/ari_public_catkin_ws/devel/.private/gazebo_msgs/lib/python2.7/dist-packages/gazebo_msgs/__init__.py, /root/ari_public_catkin_ws/devel/lib/python2.7/dist-packages/gazebo_msgs/__init__.py)
Linked: (/root/ari_public_catkin_ws/devel/.private/gazebo_msgs/lib/python2.7/dist-packages/gazebo_msgs/srv/_GetLinkState.py, /root/ari_public_catkin_ws/devel/lib/python2.7/dist-packages/gazebo_msgs/srv/_GetLinkState.py)
Linked: (/root/ari_public_catkin_ws/devel/.private/gazebo_msgs/lib/python2.7/dist-packages/gazebo_msgs/srv/_BodyRequest.py, /root/ari_public_catkin_ws/devel/lib/python2.7/dist-packages/gazebo_msgs/srv/_BodyRequest.py)
Linked: (/root/ari_public_catkin_ws/devel/.private/gazebo_msgs/lib/python2.7/dist-packages/gazebo_msgs/srv/_SetJointProperties.py, /root/ari_public_catkin_ws/devel/lib/python2.7/dist-packages/gazebo_msgs/srv/_SetJointProperties.py)
Linked: (/root/ari_public_catkin_ws/devel/.private/gazebo_msgs/lib/python2.7/dist-packages/gazebo_msgs/srv/_ApplyJointEffort.py, /root/ari_public_catkin_ws/devel/lib/python2.7/dist-packages/gazebo_msgs/srv/_ApplyJointEffort.py)
Linked: (/root/ari_public_catkin_ws/devel/.private/gazebo_msgs/lib/python2.7/dist-packages/gazebo_msgs/srv/__init__.py, /root/ari_public_catkin_ws/devel/lib/python2.7/dist-packages/gazebo_msgs/srv/__init__.py)
Linked: (/root/ari_public_catkin_ws/devel/.private/gazebo_msgs/lib/python2.7/dist-packages/gazebo_msgs/srv/_SetPhysicsProperties.py, /root/ari_public_catkin_ws/devel/lib/python2.7/dist-packages/gazebo_msgs/srv/_SetPhysicsProperties.py)
Linked: (/root/ari_public_catkin_ws/devel/.private/gazebo_msgs/lib/python2.7/dist-packages/gazebo_msgs/srv/_SetLinkProperties.py, /root/ari_public_catkin_ws/devel/lib/python2.7/dist-packages/gazebo_msgs/srv/_SetLinkProperties.py)
Linked: (/root/ari_public_catkin_ws/devel/.private/gazebo_msgs/lib/python2.7/dist-packages/gazebo_msgs/srv/_GetJointProperties.py, /root/ari_public_catkin_ws/devel/lib/python2.7/dist-packages/gazebo_msgs/srv/_GetJointProperties.py)
Linked: (/root/ari_public_catkin_ws/devel/.private/gazebo_msgs/lib/python2.7/dist-packages/gazebo_msgs/srv/_ApplyBodyWrench.py, /root/ari_public_catkin_ws/devel/lib/python2.7/dist-packages/gazebo_msgs/srv/_ApplyBodyWrench.py)
Linked: (/root/ari_public_catkin_ws/devel/.private/gazebo_msgs/lib/python2.7/dist-packages/gazebo_msgs/srv/_GetModelState.py, /root/ari_public_catkin_ws/devel/lib/python2.7/dist-packages/gazebo_msgs/srv/_GetModelState.py)
Linked: (/root/ari_public_catkin_ws/devel/.private/gazebo_msgs/lib/python2.7/dist-packages/gazebo_msgs/srv/_GetWorldProperties.py, /root/ari_public_catkin_ws/devel/lib/python2.7/dist-packages/gazebo_msgs/srv/_GetWorldProperties.py)
Linked: (/root/ari_public_catkin_ws/devel/.private/gazebo_msgs/lib/python2.7/dist-packages/gazebo_msgs/srv/_SpawnModel.py, /root/ari_public_catkin_ws/devel/lib/python2.7/dist-packages/gazebo_msgs/srv/_SpawnModel.py)
Linked: (/root/ari_public_catkin_ws/devel/.private/gazebo_msgs/lib/python2.7/dist-packages/gazebo_msgs/srv/_GetLightProperties.py, /root/ari_public_catkin_ws/devel/lib/python2.7/dist-packages/gazebo_msgs/srv/_GetLightProperties.py)
Linked: (/root/ari_public_catkin_ws/devel/.private/gazebo_msgs/lib/python2.7/dist-packages/gazebo_msgs/srv/_GetModelProperties.py, /root/ari_public_catkin_ws/devel/lib/python2.7/dist-packages/gazebo_msgs/srv/_GetModelProperties.py)
Linked: (/root/ari_public_catkin_ws/devel/.private/gazebo_msgs/lib/python2.7/dist-packages/gazebo_msgs/srv/_DeleteLight.py, /root/ari_public_catkin_ws/devel/lib/python2.7/dist-packages/gazebo_msgs/srv/_DeleteLight.py)
Linked: (/root/ari_public_catkin_ws/devel/.private/gazebo_msgs/lib/python2.7/dist-packages/gazebo_msgs/srv/_GetPhysicsProperties.py, /root/ari_public_catkin_ws/devel/lib/python2.7/dist-packages/gazebo_msgs/srv/_GetPhysicsProperties.py)
Linked: (/root/ari_public_catkin_ws/devel/.private/gazebo_msgs/lib/python2.7/dist-packages/gazebo_msgs/srv/_SetModelConfiguration.py, /root/ari_public_catkin_ws/devel/lib/python2.7/dist-packages/gazebo_msgs/srv/_SetModelConfiguration.py)
Linked: (/root/ari_public_catkin_ws/devel/.private/gazebo_msgs/lib/python2.7/dist-packages/gazebo_msgs/srv/_SetLinkState.py, /root/ari_public_catkin_ws/devel/lib/python2.7/dist-packages/gazebo_msgs/srv/_SetLinkState.py)
Linked: (/root/ari_public_catkin_ws/devel/.private/gazebo_msgs/lib/python2.7/dist-packages/gazebo_msgs/srv/_SetJointTrajectory.py, /root/ari_public_catkin_ws/devel/lib/python2.7/dist-packages/gazebo_msgs/srv/_SetJointTrajectory.py)
Linked: (/root/ari_public_catkin_ws/devel/.private/gazebo_msgs/lib/python2.7/dist-packages/gazebo_msgs/srv/_DeleteModel.py, /root/ari_public_catkin_ws/devel/lib/python2.7/dist-packages/gazebo_msgs/srv/_DeleteModel.py)
Linked: (/root/ari_public_catkin_ws/devel/.private/gazebo_msgs/lib/python2.7/dist-packages/gazebo_msgs/srv/_SetModelState.py, /root/ari_public_catkin_ws/devel/lib/python2.7/dist-packages/gazebo_msgs/srv/_SetModelState.py)
Linked: (/root/ari_public_catkin_ws/devel/.private/gazebo_msgs/lib/python2.7/dist-packages/gazebo_msgs/srv/_JointRequest.py, /root/ari_public_catkin_ws/devel/lib/python2.7/dist-packages/gazebo_msgs/srv/_JointRequest.py)
Linked: (/root/ari_public_catkin_ws/devel/.private/gazebo_msgs/lib/python2.7/dist-packages/gazebo_msgs/srv/_GetLinkProperties.py, /root/ari_public_catkin_ws/devel/lib/python2.7/dist-packages/gazebo_msgs/srv/_GetLinkProperties.py)
Linked: (/root/ari_public_catkin_ws/devel/.private/gazebo_msgs/lib/python2.7/dist-packages/gazebo_msgs/srv/_SetLightProperties.py, /root/ari_public_catkin_ws/devel/lib/python2.7/dist-packages/gazebo_msgs/srv/_SetLightProperties.py)
Linked: (/root/ari_public_catkin_ws/devel/.private/gazebo_msgs/lib/python2.7/dist-packages/gazebo_msgs/msg/__init__.py, /root/ari_public_catkin_ws/devel/lib/python2.7/dist-packages/gazebo_msgs/msg/__init__.py)
Linked: (/root/ari_public_catkin_ws/devel/.private/gazebo_msgs/lib/python2.7/dist-packages/gazebo_msgs/msg/_LinkState.py, /root/ari_public_catkin_ws/devel/lib/python2.7/dist-packages/gazebo_msgs/msg/_LinkState.py)
Linked: (/root/ari_public_catkin_ws/devel/.private/gazebo_msgs/lib/python2.7/dist-packages/gazebo_msgs/msg/_ODEJointProperties.py, /root/ari_public_catkin_ws/devel/lib/python2.7/dist-packages/gazebo_msgs/msg/_ODEJointProperties.py)
Linked: (/root/ari_public_catkin_ws/devel/.private/gazebo_msgs/lib/python2.7/dist-packages/gazebo_msgs/msg/_WorldState.py, /root/ari_public_catkin_ws/devel/lib/python2.7/dist-packages/gazebo_msgs/msg/_WorldState.py)
Linked: (/root/ari_public_catkin_ws/devel/.private/gazebo_msgs/lib/python2.7/dist-packages/gazebo_msgs/msg/_LinkStates.py, /root/ari_public_catkin_ws/devel/lib/python2.7/dist-packages/gazebo_msgs/msg/_LinkStates.py)
Linked: (/root/ari_public_catkin_ws/devel/.private/gazebo_msgs/lib/python2.7/dist-packages/gazebo_msgs/msg/_ODEPhysics.py, /root/ari_public_catkin_ws/devel/lib/python2.7/dist-packages/gazebo_msgs/msg/_ODEPhysics.py)
Linked: (/root/ari_public_catkin_ws/devel/.private/gazebo_msgs/lib/python2.7/dist-packages/gazebo_msgs/msg/_ContactsState.py, /root/ari_public_catkin_ws/devel/lib/python2.7/dist-packages/gazebo_msgs/msg/_ContactsState.py)
Linked: (/root/ari_public_catkin_ws/devel/.private/gazebo_msgs/lib/python2.7/dist-packages/gazebo_msgs/msg/_ModelState.py, /root/ari_public_catkin_ws/devel/lib/python2.7/dist-packages/gazebo_msgs/msg/_ModelState.py)
Linked: (/root/ari_public_catkin_ws/devel/.private/gazebo_msgs/lib/python2.7/dist-packages/gazebo_msgs/msg/_ModelStates.py, /root/ari_public_catkin_ws/devel/lib/python2.7/dist-packages/gazebo_msgs/msg/_ModelStates.py)
Linked: (/root/ari_public_catkin_ws/devel/.private/gazebo_msgs/lib/python2.7/dist-packages/gazebo_msgs/msg/_ContactState.py, /root/ari_public_catkin_ws/devel/lib/python2.7/dist-packages/gazebo_msgs/msg/_ContactState.py)
Linked: (/root/ari_public_catkin_ws/devel/.private/gazebo_msgs/share/gazebo_msgs/cmake/gazebo_msgsConfig-version.cmake, /root/ari_public_catkin_ws/devel/share/gazebo_msgs/cmake/gazebo_msgsConfig-version.cmake)
Linked: (/root/ari_public_catkin_ws/devel/.private/gazebo_msgs/share/gazebo_msgs/cmake/gazebo_msgs-msg-paths.cmake, /root/ari_public_catkin_ws/devel/share/gazebo_msgs/cmake/gazebo_msgs-msg-paths.cmake)
Linked: (/root/ari_public_catkin_ws/devel/.private/gazebo_msgs/share/gazebo_msgs/cmake/gazebo_msgs-msg-extras.cmake, /root/ari_public_catkin_ws/devel/share/gazebo_msgs/cmake/gazebo_msgs-msg-extras.cmake)
Linked: (/root/ari_public_catkin_ws/devel/.private/gazebo_msgs/share/gazebo_msgs/cmake/gazebo_msgsConfig.cmake, /root/ari_public_catkin_ws/devel/share/gazebo_msgs/cmake/gazebo_msgsConfig.cmake)
Linked: (/root/ari_public_catkin_ws/devel/.private/gazebo_msgs/share/gennodejs/ros/gazebo_msgs/_index.js, /root/ari_public_catkin_ws/devel/share/gennodejs/ros/gazebo_msgs/_index.js)
Linked: (/root/ari_public_catkin_ws/devel/.private/gazebo_msgs/share/gennodejs/ros/gazebo_msgs/srv/ApplyJointEffort.js, /root/ari_public_catkin_ws/devel/share/gennodejs/ros/gazebo_msgs/srv/ApplyJointEffort.js)
Linked: (/root/ari_public_catkin_ws/devel/.private/gazebo_msgs/share/gennodejs/ros/gazebo_msgs/srv/_index.js, /root/ari_public_catkin_ws/devel/share/gennodejs/ros/gazebo_msgs/srv/_index.js)
Linked: (/root/ari_public_catkin_ws/devel/.private/gazebo_msgs/share/gennodejs/ros/gazebo_msgs/srv/JointRequest.js, /root/ari_public_catkin_ws/devel/share/gennodejs/ros/gazebo_msgs/srv/JointRequest.js)
Linked: (/root/ari_public_catkin_ws/devel/.private/gazebo_msgs/share/gennodejs/ros/gazebo_msgs/srv/GetWorldProperties.js, /root/ari_public_catkin_ws/devel/share/gennodejs/ros/gazebo_msgs/srv/GetWorldProperties.js)
Linked: (/root/ari_public_catkin_ws/devel/.private/gazebo_msgs/share/gennodejs/ros/gazebo_msgs/srv/GetLinkState.js, /root/ari_public_catkin_ws/devel/share/gennodejs/ros/gazebo_msgs/srv/GetLinkState.js)
Linked: (/root/ari_public_catkin_ws/devel/.private/gazebo_msgs/share/gennodejs/ros/gazebo_msgs/srv/SetLightProperties.js, /root/ari_public_catkin_ws/devel/share/gennodejs/ros/gazebo_msgs/srv/SetLightProperties.js)
Linked: (/root/ari_public_catkin_ws/devel/.private/gazebo_msgs/share/gennodejs/ros/gazebo_msgs/srv/GetLightProperties.js, /root/ari_public_catkin_ws/devel/share/gennodejs/ros/gazebo_msgs/srv/GetLightProperties.js)
Linked: (/root/ari_public_catkin_ws/devel/.private/gazebo_msgs/share/gennodejs/ros/gazebo_msgs/srv/GetModelProperties.js, /root/ari_public_catkin_ws/devel/share/gennodejs/ros/gazebo_msgs/srv/GetModelProperties.js)
Linked: (/root/ari_public_catkin_ws/devel/.private/gazebo_msgs/share/gennodejs/ros/gazebo_msgs/srv/DeleteModel.js, /root/ari_public_catkin_ws/devel/share/gennodejs/ros/gazebo_msgs/srv/DeleteModel.js)
Linked: (/root/ari_public_catkin_ws/devel/.private/gazebo_msgs/share/gennodejs/ros/gazebo_msgs/srv/SetJointTrajectory.js, /root/ari_public_catkin_ws/devel/share/gennodejs/ros/gazebo_msgs/srv/SetJointTrajectory.js)
Linked: (/root/ari_public_catkin_ws/devel/.private/gazebo_msgs/share/gennodejs/ros/gazebo_msgs/srv/GetPhysicsProperties.js, /root/ari_public_catkin_ws/devel/share/gennodejs/ros/gazebo_msgs/srv/GetPhysicsProperties.js)
Linked: (/root/ari_public_catkin_ws/devel/.private/gazebo_msgs/share/gennodejs/ros/gazebo_msgs/srv/GetJointProperties.js, /root/ari_public_catkin_ws/devel/share/gennodejs/ros/gazebo_msgs/srv/GetJointProperties.js)
Linked: (/root/ari_public_catkin_ws/devel/.private/gazebo_msgs/share/gennodejs/ros/gazebo_msgs/srv/SetJointProperties.js, /root/ari_public_catkin_ws/devel/share/gennodejs/ros/gazebo_msgs/srv/SetJointProperties.js)
Linked: (/root/ari_public_catkin_ws/devel/.private/gazebo_msgs/share/gennodejs/ros/gazebo_msgs/srv/SetLinkProperties.js, /root/ari_public_catkin_ws/devel/share/gennodejs/ros/gazebo_msgs/srv/SetLinkProperties.js)
Linked: (/root/ari_public_catkin_ws/devel/.private/gazebo_msgs/share/gennodejs/ros/gazebo_msgs/srv/SetModelConfiguration.js, /root/ari_public_catkin_ws/devel/share/gennodejs/ros/gazebo_msgs/srv/SetModelConfiguration.js)
Linked: (/root/ari_public_catkin_ws/devel/.private/gazebo_msgs/share/gennodejs/ros/gazebo_msgs/srv/SetPhysicsProperties.js, /root/ari_public_catkin_ws/devel/share/gennodejs/ros/gazebo_msgs/srv/SetPhysicsProperties.js)
Linked: (/root/ari_public_catkin_ws/devel/.private/gazebo_msgs/share/gennodejs/ros/gazebo_msgs/srv/GetModelState.js, /root/ari_public_catkin_ws/devel/share/gennodejs/ros/gazebo_msgs/srv/GetModelState.js)
Linked: (/root/ari_public_catkin_ws/devel/.private/gazebo_msgs/share/gennodejs/ros/gazebo_msgs/srv/SetModelState.js, /root/ari_public_catkin_ws/devel/share/gennodejs/ros/gazebo_msgs/srv/SetModelState.js)
Linked: (/root/ari_public_catkin_ws/devel/.private/gazebo_msgs/share/gennodejs/ros/gazebo_msgs/srv/DeleteLight.js, /root/ari_public_catkin_ws/devel/share/gennodejs/ros/gazebo_msgs/srv/DeleteLight.js)
Linked: (/root/ari_public_catkin_ws/devel/.private/gazebo_msgs/share/gennodejs/ros/gazebo_msgs/srv/SetLinkState.js, /root/ari_public_catkin_ws/devel/share/gennodejs/ros/gazebo_msgs/srv/SetLinkState.js)
Linked: (/root/ari_public_catkin_ws/devel/.private/gazebo_msgs/share/gennodejs/ros/gazebo_msgs/srv/BodyRequest.js, /root/ari_public_catkin_ws/devel/share/gennodejs/ros/gazebo_msgs/srv/BodyRequest.js)
Linked: (/root/ari_public_catkin_ws/devel/.private/gazebo_msgs/share/gennodejs/ros/gazebo_msgs/srv/GetLinkProperties.js, /root/ari_public_catkin_ws/devel/share/gennodejs/ros/gazebo_msgs/srv/GetLinkProperties.js)
Linked: (/root/ari_public_catkin_ws/devel/.private/gazebo_msgs/share/gennodejs/ros/gazebo_msgs/srv/SpawnModel.js, /root/ari_public_catkin_ws/devel/share/gennodejs/ros/gazebo_msgs/srv/SpawnModel.js)
Linked: (/root/ari_public_catkin_ws/devel/.private/gazebo_msgs/share/gennodejs/ros/gazebo_msgs/srv/ApplyBodyWrench.js, /root/ari_public_catkin_ws/devel/share/gennodejs/ros/gazebo_msgs/srv/ApplyBodyWrench.js)
Linked: (/root/ari_public_catkin_ws/devel/.private/gazebo_msgs/share/gennodejs/ros/gazebo_msgs/msg/_index.js, /root/ari_public_catkin_ws/devel/share/gennodejs/ros/gazebo_msgs/msg/_index.js)
Linked: (/root/ari_public_catkin_ws/devel/.private/gazebo_msgs/share/gennodejs/ros/gazebo_msgs/msg/LinkState.js, /root/ari_public_catkin_ws/devel/share/gennodejs/ros/gazebo_msgs/msg/LinkState.js)
Linked: (/root/ari_public_catkin_ws/devel/.private/gazebo_msgs/share/gennodejs/ros/gazebo_msgs/msg/ODEPhysics.js, /root/ari_public_catkin_ws/devel/share/gennodejs/ros/gazebo_msgs/msg/ODEPhysics.js)
Linked: (/root/ari_public_catkin_ws/devel/.private/gazebo_msgs/share/gennodejs/ros/gazebo_msgs/msg/WorldState.js, /root/ari_public_catkin_ws/devel/share/gennodejs/ros/gazebo_msgs/msg/WorldState.js)
Linked: (/root/ari_public_catkin_ws/devel/.private/gazebo_msgs/share/gennodejs/ros/gazebo_msgs/msg/ODEJointProperties.js, /root/ari_public_catkin_ws/devel/share/gennodejs/ros/gazebo_msgs/msg/ODEJointProperties.js)
Linked: (/root/ari_public_catkin_ws/devel/.private/gazebo_msgs/share/gennodejs/ros/gazebo_msgs/msg/ModelState.js, /root/ari_public_catkin_ws/devel/share/gennodejs/ros/gazebo_msgs/msg/ModelState.js)
Linked: (/root/ari_public_catkin_ws/devel/.private/gazebo_msgs/share/gennodejs/ros/gazebo_msgs/msg/ModelStates.js, /root/ari_public_catkin_ws/devel/share/gennodejs/ros/gazebo_msgs/msg/ModelStates.js)
Linked: (/root/ari_public_catkin_ws/devel/.private/gazebo_msgs/share/gennodejs/ros/gazebo_msgs/msg/LinkStates.js, /root/ari_public_catkin_ws/devel/share/gennodejs/ros/gazebo_msgs/msg/LinkStates.js)
Linked: (/root/ari_public_catkin_ws/devel/.private/gazebo_msgs/share/gennodejs/ros/gazebo_msgs/msg/ContactState.js, /root/ari_public_catkin_ws/devel/share/gennodejs/ros/gazebo_msgs/msg/ContactState.js)
Linked: (/root/ari_public_catkin_ws/devel/.private/gazebo_msgs/share/gennodejs/ros/gazebo_msgs/msg/ContactsState.js, /root/ari_public_catkin_ws/devel/share/gennodejs/ros/gazebo_msgs/msg/ContactsState.js)
Linked: (/root/ari_public_catkin_ws/devel/.private/gazebo_msgs/share/roseus/ros/gazebo_msgs/manifest.l, /root/ari_public_catkin_ws/devel/share/roseus/ros/gazebo_msgs/manifest.l)
Linked: (/root/ari_public_catkin_ws/devel/.private/gazebo_msgs/share/roseus/ros/gazebo_msgs/srv/GetLinkState.l, /root/ari_public_catkin_ws/devel/share/roseus/ros/gazebo_msgs/srv/GetLinkState.l)
Linked: (/root/ari_public_catkin_ws/devel/.private/gazebo_msgs/share/roseus/ros/gazebo_msgs/srv/SetLinkProperties.l, /root/ari_public_catkin_ws/devel/share/roseus/ros/gazebo_msgs/srv/SetLinkProperties.l)
Linked: (/root/ari_public_catkin_ws/devel/.private/gazebo_msgs/share/roseus/ros/gazebo_msgs/srv/DeleteModel.l, /root/ari_public_catkin_ws/devel/share/roseus/ros/gazebo_msgs/srv/DeleteModel.l)
Linked: (/root/ari_public_catkin_ws/devel/.private/gazebo_msgs/share/roseus/ros/gazebo_msgs/srv/GetLinkProperties.l, /root/ari_public_catkin_ws/devel/share/roseus/ros/gazebo_msgs/srv/GetLinkProperties.l)
Linked: (/root/ari_public_catkin_ws/devel/.private/gazebo_msgs/share/roseus/ros/gazebo_msgs/srv/GetWorldProperties.l, /root/ari_public_catkin_ws/devel/share/roseus/ros/gazebo_msgs/srv/GetWorldProperties.l)
Linked: (/root/ari_public_catkin_ws/devel/.private/gazebo_msgs/share/roseus/ros/gazebo_msgs/srv/SpawnModel.l, /root/ari_public_catkin_ws/devel/share/roseus/ros/gazebo_msgs/srv/SpawnModel.l)
Linked: (/root/ari_public_catkin_ws/devel/.private/gazebo_msgs/share/roseus/ros/gazebo_msgs/srv/GetModelProperties.l, /root/ari_public_catkin_ws/devel/share/roseus/ros/gazebo_msgs/srv/GetModelProperties.l)
Linked: (/root/ari_public_catkin_ws/devel/.private/gazebo_msgs/share/roseus/ros/gazebo_msgs/srv/ApplyBodyWrench.l, /root/ari_public_catkin_ws/devel/share/roseus/ros/gazebo_msgs/srv/ApplyBodyWrench.l)
Linked: (/root/ari_public_catkin_ws/devel/.private/gazebo_msgs/share/roseus/ros/gazebo_msgs/srv/SetLinkState.l, /root/ari_public_catkin_ws/devel/share/roseus/ros/gazebo_msgs/srv/SetLinkState.l)
Linked: (/root/ari_public_catkin_ws/devel/.private/gazebo_msgs/share/roseus/ros/gazebo_msgs/srv/SetJointProperties.l, /root/ari_public_catkin_ws/devel/share/roseus/ros/gazebo_msgs/srv/SetJointProperties.l)
Linked: (/root/ari_public_catkin_ws/devel/.private/gazebo_msgs/share/roseus/ros/gazebo_msgs/srv/SetJointTrajectory.l, /root/ari_public_catkin_ws/devel/share/roseus/ros/gazebo_msgs/srv/SetJointTrajectory.l)
Linked: (/root/ari_public_catkin_ws/devel/.private/gazebo_msgs/share/roseus/ros/gazebo_msgs/srv/SetModelState.l, /root/ari_public_catkin_ws/devel/share/roseus/ros/gazebo_msgs/srv/SetModelState.l)
Linked: (/root/ari_public_catkin_ws/devel/.private/gazebo_msgs/share/roseus/ros/gazebo_msgs/srv/DeleteLight.l, /root/ari_public_catkin_ws/devel/share/roseus/ros/gazebo_msgs/srv/DeleteLight.l)
Linked: (/root/ari_public_catkin_ws/devel/.private/gazebo_msgs/share/roseus/ros/gazebo_msgs/srv/GetLightProperties.l, /root/ari_public_catkin_ws/devel/share/roseus/ros/gazebo_msgs/srv/GetLightProperties.l)
Linked: (/root/ari_public_catkin_ws/devel/.private/gazebo_msgs/share/roseus/ros/gazebo_msgs/srv/SetLightProperties.l, /root/ari_public_catkin_ws/devel/share/roseus/ros/gazebo_msgs/srv/SetLightProperties.l)
Linked: (/root/ari_public_catkin_ws/devel/.private/gazebo_msgs/share/roseus/ros/gazebo_msgs/srv/SetPhysicsProperties.l, /root/ari_public_catkin_ws/devel/share/roseus/ros/gazebo_msgs/srv/SetPhysicsProperties.l)
Linked: (/root/ari_public_catkin_ws/devel/.private/gazebo_msgs/share/roseus/ros/gazebo_msgs/srv/ApplyJointEffort.l, /root/ari_public_catkin_ws/devel/share/roseus/ros/gazebo_msgs/srv/ApplyJointEffort.l)
Linked: (/root/ari_public_catkin_ws/devel/.private/gazebo_msgs/share/roseus/ros/gazebo_msgs/srv/SetModelConfiguration.l, /root/ari_public_catkin_ws/devel/share/roseus/ros/gazebo_msgs/srv/SetModelConfiguration.l)
Linked: (/root/ari_public_catkin_ws/devel/.private/gazebo_msgs/share/roseus/ros/gazebo_msgs/srv/GetModelState.l, /root/ari_public_catkin_ws/devel/share/roseus/ros/gazebo_msgs/srv/GetModelState.l)
Linked: (/root/ari_public_catkin_ws/devel/.private/gazebo_msgs/share/roseus/ros/gazebo_msgs/srv/BodyRequest.l, /root/ari_public_catkin_ws/devel/share/roseus/ros/gazebo_msgs/srv/BodyRequest.l)
Linked: (/root/ari_public_catkin_ws/devel/.private/gazebo_msgs/share/roseus/ros/gazebo_msgs/srv/GetJointProperties.l, /root/ari_public_catkin_ws/devel/share/roseus/ros/gazebo_msgs/srv/GetJointProperties.l)
Linked: (/root/ari_public_catkin_ws/devel/.private/gazebo_msgs/share/roseus/ros/gazebo_msgs/srv/JointRequest.l, /root/ari_public_catkin_ws/devel/share/roseus/ros/gazebo_msgs/srv/JointRequest.l)
Linked: (/root/ari_public_catkin_ws/devel/.private/gazebo_msgs/share/roseus/ros/gazebo_msgs/srv/GetPhysicsProperties.l, /root/ari_public_catkin_ws/devel/share/roseus/ros/gazebo_msgs/srv/GetPhysicsProperties.l)
Linked: (/root/ari_public_catkin_ws/devel/.private/gazebo_msgs/share/roseus/ros/gazebo_msgs/msg/ModelStates.l, /root/ari_public_catkin_ws/devel/share/roseus/ros/gazebo_msgs/msg/ModelStates.l)
Linked: (/root/ari_public_catkin_ws/devel/.private/gazebo_msgs/share/roseus/ros/gazebo_msgs/msg/ODEJointProperties.l, /root/ari_public_catkin_ws/devel/share/roseus/ros/gazebo_msgs/msg/ODEJointProperties.l)
Linked: (/root/ari_public_catkin_ws/devel/.private/gazebo_msgs/share/roseus/ros/gazebo_msgs/msg/ODEPhysics.l, /root/ari_public_catkin_ws/devel/share/roseus/ros/gazebo_msgs/msg/ODEPhysics.l)
Linked: (/root/ari_public_catkin_ws/devel/.private/gazebo_msgs/share/roseus/ros/gazebo_msgs/msg/WorldState.l, /root/ari_public_catkin_ws/devel/share/roseus/ros/gazebo_msgs/msg/WorldState.l)
Linked: (/root/ari_public_catkin_ws/devel/.private/gazebo_msgs/share/roseus/ros/gazebo_msgs/msg/ContactsState.l, /root/ari_public_catkin_ws/devel/share/roseus/ros/gazebo_msgs/msg/ContactsState.l)
Linked: (/root/ari_public_catkin_ws/devel/.private/gazebo_msgs/share/roseus/ros/gazebo_msgs/msg/ContactState.l, /root/ari_public_catkin_ws/devel/share/roseus/ros/gazebo_msgs/msg/ContactState.l)
Linked: (/root/ari_public_catkin_ws/devel/.private/gazebo_msgs/share/roseus/ros/gazebo_msgs/msg/LinkState.l, /root/ari_public_catkin_ws/devel/share/roseus/ros/gazebo_msgs/msg/LinkState.l)
Linked: (/root/ari_public_catkin_ws/devel/.private/gazebo_msgs/share/roseus/ros/gazebo_msgs/msg/ModelState.l, /root/ari_public_catkin_ws/devel/share/roseus/ros/gazebo_msgs/msg/ModelState.l)
Linked: (/root/ari_public_catkin_ws/devel/.private/gazebo_msgs/share/roseus/ros/gazebo_msgs/msg/LinkStates.l, /root/ari_public_catkin_ws/devel/share/roseus/ros/gazebo_msgs/msg/LinkStates.l)
Linked: (/root/ari_public_catkin_ws/devel/.private/gazebo_msgs/share/common-lisp/ros/gazebo_msgs/srv/GetLinkProperties.lisp, /root/ari_public_catkin_ws/devel/share/common-lisp/ros/gazebo_msgs/srv/GetLinkProperties.lisp)
Linked: (/root/ari_public_catkin_ws/devel/.private/gazebo_msgs/share/common-lisp/ros/gazebo_msgs/srv/DeleteModel.lisp, /root/ari_public_catkin_ws/devel/share/common-lisp/ros/gazebo_msgs/srv/DeleteModel.lisp)
Linked: (/root/ari_public_catkin_ws/devel/.private/gazebo_msgs/share/common-lisp/ros/gazebo_msgs/srv/_package_SetModelState.lisp, /root/ari_public_catkin_ws/devel/share/common-lisp/ros/gazebo_msgs/srv/_package_SetModelState.lisp)
Linked: (/root/ari_public_catkin_ws/devel/.private/gazebo_msgs/share/common-lisp/ros/gazebo_msgs/srv/GetWorldProperties.lisp, /root/ari_public_catkin_ws/devel/share/common-lisp/ros/gazebo_msgs/srv/GetWorldProperties.lisp)
Linked: (/root/ari_public_catkin_ws/devel/.private/gazebo_msgs/share/common-lisp/ros/gazebo_msgs/srv/SetPhysicsProperties.lisp, /root/ari_public_catkin_ws/devel/share/common-lisp/ros/gazebo_msgs/srv/SetPhysicsProperties.lisp)
Linked: (/root/ari_public_catkin_ws/devel/.private/gazebo_msgs/share/common-lisp/ros/gazebo_msgs/srv/_package_SetModelConfiguration.lisp, /root/ari_public_catkin_ws/devel/share/common-lisp/ros/gazebo_msgs/srv/_package_SetModelConfiguration.lisp)
Linked: (/root/ari_public_catkin_ws/devel/.private/gazebo_msgs/share/common-lisp/ros/gazebo_msgs/srv/_package_GetModelState.lisp, /root/ari_public_catkin_ws/devel/share/common-lisp/ros/gazebo_msgs/srv/_package_GetModelState.lisp)
Linked: (/root/ari_public_catkin_ws/devel/.private/gazebo_msgs/share/common-lisp/ros/gazebo_msgs/srv/_package_GetLinkState.lisp, /root/ari_public_catkin_ws/devel/share/common-lisp/ros/gazebo_msgs/srv/_package_GetLinkState.lisp)
Linked: (/root/ari_public_catkin_ws/devel/.private/gazebo_msgs/share/common-lisp/ros/gazebo_msgs/srv/_package_GetLightProperties.lisp, /root/ari_public_catkin_ws/devel/share/common-lisp/ros/gazebo_msgs/srv/_package_GetLightProperties.lisp)
Linked: (/root/ari_public_catkin_ws/devel/.private/gazebo_msgs/share/common-lisp/ros/gazebo_msgs/srv/SetModelConfiguration.lisp, /root/ari_public_catkin_ws/devel/share/common-lisp/ros/gazebo_msgs/srv/SetModelConfiguration.lisp)
Linked: (/root/ari_public_catkin_ws/devel/.private/gazebo_msgs/share/common-lisp/ros/gazebo_msgs/srv/_package.lisp, /root/ari_public_catkin_ws/devel/share/common-lisp/ros/gazebo_msgs/srv/_package.lisp)
Linked: (/root/ari_public_catkin_ws/devel/.private/gazebo_msgs/share/common-lisp/ros/gazebo_msgs/srv/SpawnModel.lisp, /root/ari_public_catkin_ws/devel/share/common-lisp/ros/gazebo_msgs/srv/SpawnModel.lisp)
Linked: (/root/ari_public_catkin_ws/devel/.private/gazebo_msgs/share/common-lisp/ros/gazebo_msgs/srv/GetJointProperties.lisp, /root/ari_public_catkin_ws/devel/share/common-lisp/ros/gazebo_msgs/srv/GetJointProperties.lisp)
Linked: (/root/ari_public_catkin_ws/devel/.private/gazebo_msgs/share/common-lisp/ros/gazebo_msgs/srv/GetPhysicsProperties.lisp, /root/ari_public_catkin_ws/devel/share/common-lisp/ros/gazebo_msgs/srv/GetPhysicsProperties.lisp)
Linked: (/root/ari_public_catkin_ws/devel/.private/gazebo_msgs/share/common-lisp/ros/gazebo_msgs/srv/_package_GetPhysicsProperties.lisp, /root/ari_public_catkin_ws/devel/share/common-lisp/ros/gazebo_msgs/srv/_package_GetPhysicsProperties.lisp)
Linked: (/root/ari_public_catkin_ws/devel/.private/gazebo_msgs/share/common-lisp/ros/gazebo_msgs/srv/GetModelState.lisp, /root/ari_public_catkin_ws/devel/share/common-lisp/ros/gazebo_msgs/srv/GetModelState.lisp)
Linked: (/root/ari_public_catkin_ws/devel/.private/gazebo_msgs/share/common-lisp/ros/gazebo_msgs/srv/gazebo_msgs-srv.asd, /root/ari_public_catkin_ws/devel/share/common-lisp/ros/gazebo_msgs/srv/gazebo_msgs-srv.asd)
Linked: (/root/ari_public_catkin_ws/devel/.private/gazebo_msgs/share/common-lisp/ros/gazebo_msgs/srv/GetModelProperties.lisp, /root/ari_public_catkin_ws/devel/share/common-lisp/ros/gazebo_msgs/srv/GetModelProperties.lisp)
Linked: (/root/ari_public_catkin_ws/devel/.private/gazebo_msgs/share/common-lisp/ros/gazebo_msgs/srv/_package_SetJointProperties.lisp, /root/ari_public_catkin_ws/devel/share/common-lisp/ros/gazebo_msgs/srv/_package_SetJointProperties.lisp)
Linked: (/root/ari_public_catkin_ws/devel/.private/gazebo_msgs/share/common-lisp/ros/gazebo_msgs/srv/SetJointTrajectory.lisp, /root/ari_public_catkin_ws/devel/share/common-lisp/ros/gazebo_msgs/srv/SetJointTrajectory.lisp)
Linked: (/root/ari_public_catkin_ws/devel/.private/gazebo_msgs/share/common-lisp/ros/gazebo_msgs/srv/SetJointProperties.lisp, /root/ari_public_catkin_ws/devel/share/common-lisp/ros/gazebo_msgs/srv/SetJointProperties.lisp)
Linked: (/root/ari_public_catkin_ws/devel/.private/gazebo_msgs/share/common-lisp/ros/gazebo_msgs/srv/_package_ApplyJointEffort.lisp, /root/ari_public_catkin_ws/devel/share/common-lisp/ros/gazebo_msgs/srv/_package_ApplyJointEffort.lisp)
Linked: (/root/ari_public_catkin_ws/devel/.private/gazebo_msgs/share/common-lisp/ros/gazebo_msgs/srv/GetLightProperties.lisp, /root/ari_public_catkin_ws/devel/share/common-lisp/ros/gazebo_msgs/srv/GetLightProperties.lisp)
Linked: (/root/ari_public_catkin_ws/devel/.private/gazebo_msgs/share/common-lisp/ros/gazebo_msgs/srv/_package_SetLinkProperties.lisp, /root/ari_public_catkin_ws/devel/share/common-lisp/ros/gazebo_msgs/srv/_package_SetLinkProperties.lisp)
Linked: (/root/ari_public_catkin_ws/devel/.private/gazebo_msgs/share/common-lisp/ros/gazebo_msgs/srv/GetLinkState.lisp, /root/ari_public_catkin_ws/devel/share/common-lisp/ros/gazebo_msgs/srv/GetLinkState.lisp)
Linked: (/root/ari_public_catkin_ws/devel/.private/gazebo_msgs/share/common-lisp/ros/gazebo_msgs/srv/JointRequest.lisp, /root/ari_public_catkin_ws/devel/share/common-lisp/ros/gazebo_msgs/srv/JointRequest.lisp)
Linked: (/root/ari_public_catkin_ws/devel/.private/gazebo_msgs/share/common-lisp/ros/gazebo_msgs/srv/_package_GetLinkProperties.lisp, /root/ari_public_catkin_ws/devel/share/common-lisp/ros/gazebo_msgs/srv/_package_GetLinkProperties.lisp)
Linked: (/root/ari_public_catkin_ws/devel/.private/gazebo_msgs/share/common-lisp/ros/gazebo_msgs/srv/SetLightProperties.lisp, /root/ari_public_catkin_ws/devel/share/common-lisp/ros/gazebo_msgs/srv/SetLightProperties.lisp)
Linked: (/root/ari_public_catkin_ws/devel/.private/gazebo_msgs/share/common-lisp/ros/gazebo_msgs/srv/ApplyJointEffort.lisp, /root/ari_public_catkin_ws/devel/share/common-lisp/ros/gazebo_msgs/srv/ApplyJointEffort.lisp)
Linked: (/root/ari_public_catkin_ws/devel/.private/gazebo_msgs/share/common-lisp/ros/gazebo_msgs/srv/_package_SetLinkState.lisp, /root/ari_public_catkin_ws/devel/share/common-lisp/ros/gazebo_msgs/srv/_package_SetLinkState.lisp)
Linked: (/root/ari_public_catkin_ws/devel/.private/gazebo_msgs/share/common-lisp/ros/gazebo_msgs/srv/DeleteLight.lisp, /root/ari_public_catkin_ws/devel/share/common-lisp/ros/gazebo_msgs/srv/DeleteLight.lisp)
Linked: (/root/ari_public_catkin_ws/devel/.private/gazebo_msgs/share/common-lisp/ros/gazebo_msgs/srv/_package_BodyRequest.lisp, /root/ari_public_catkin_ws/devel/share/common-lisp/ros/gazebo_msgs/srv/_package_BodyRequest.lisp)
Linked: (/root/ari_public_catkin_ws/devel/.private/gazebo_msgs/share/common-lisp/ros/gazebo_msgs/srv/_package_SetLightProperties.lisp, /root/ari_public_catkin_ws/devel/share/common-lisp/ros/gazebo_msgs/srv/_package_SetLightProperties.lisp)
Linked: (/root/ari_public_catkin_ws/devel/.private/gazebo_msgs/share/common-lisp/ros/gazebo_msgs/srv/SetModelState.lisp, /root/ari_public_catkin_ws/devel/share/common-lisp/ros/gazebo_msgs/srv/SetModelState.lisp)
Linked: (/root/ari_public_catkin_ws/devel/.private/gazebo_msgs/share/common-lisp/ros/gazebo_msgs/srv/SetLinkProperties.lisp, /root/ari_public_catkin_ws/devel/share/common-lisp/ros/gazebo_msgs/srv/SetLinkProperties.lisp)
Linked: (/root/ari_public_catkin_ws/devel/.private/gazebo_msgs/share/common-lisp/ros/gazebo_msgs/srv/SetLinkState.lisp, /root/ari_public_catkin_ws/devel/share/common-lisp/ros/gazebo_msgs/srv/SetLinkState.lisp)
Linked: (/root/ari_public_catkin_ws/devel/.private/gazebo_msgs/share/common-lisp/ros/gazebo_msgs/srv/_package_GetJointProperties.lisp, /root/ari_public_catkin_ws/devel/share/common-lisp/ros/gazebo_msgs/srv/_package_GetJointProperties.lisp)
Linked: (/root/ari_public_catkin_ws/devel/.private/gazebo_msgs/share/common-lisp/ros/gazebo_msgs/srv/_package_GetModelProperties.lisp, /root/ari_public_catkin_ws/devel/share/common-lisp/ros/gazebo_msgs/srv/_package_GetModelProperties.lisp)
Linked: (/root/ari_public_catkin_ws/devel/.private/gazebo_msgs/share/common-lisp/ros/gazebo_msgs/srv/ApplyBodyWrench.lisp, /root/ari_public_catkin_ws/devel/share/common-lisp/ros/gazebo_msgs/srv/ApplyBodyWrench.lisp)
Linked: (/root/ari_public_catkin_ws/devel/.private/gazebo_msgs/share/common-lisp/ros/gazebo_msgs/srv/_package_SpawnModel.lisp, /root/ari_public_catkin_ws/devel/share/common-lisp/ros/gazebo_msgs/srv/_package_SpawnModel.lisp)
Linked: (/root/ari_public_catkin_ws/devel/.private/gazebo_msgs/share/common-lisp/ros/gazebo_msgs/srv/_package_DeleteModel.lisp, /root/ari_public_catkin_ws/devel/share/common-lisp/ros/gazebo_msgs/srv/_package_DeleteModel.lisp)
Linked: (/root/ari_public_catkin_ws/devel/.private/gazebo_msgs/share/common-lisp/ros/gazebo_msgs/srv/BodyRequest.lisp, /root/ari_public_catkin_ws/devel/share/common-lisp/ros/gazebo_msgs/srv/BodyRequest.lisp)
Linked: (/root/ari_public_catkin_ws/devel/.private/gazebo_msgs/share/common-lisp/ros/gazebo_msgs/srv/_package_JointRequest.lisp, /root/ari_public_catkin_ws/devel/share/common-lisp/ros/gazebo_msgs/srv/_package_JointRequest.lisp)
Linked: (/root/ari_public_catkin_ws/devel/.private/gazebo_msgs/share/common-lisp/ros/gazebo_msgs/srv/_package_SetJointTrajectory.lisp, /root/ari_public_catkin_ws/devel/share/common-lisp/ros/gazebo_msgs/srv/_package_SetJointTrajectory.lisp)
Linked: (/root/ari_public_catkin_ws/devel/.private/gazebo_msgs/share/common-lisp/ros/gazebo_msgs/srv/_package_DeleteLight.lisp, /root/ari_public_catkin_ws/devel/share/common-lisp/ros/gazebo_msgs/srv/_package_DeleteLight.lisp)
Linked: (/root/ari_public_catkin_ws/devel/.private/gazebo_msgs/share/common-lisp/ros/gazebo_msgs/srv/_package_GetWorldProperties.lisp, /root/ari_public_catkin_ws/devel/share/common-lisp/ros/gazebo_msgs/srv/_package_GetWorldProperties.lisp)
Linked: (/root/ari_public_catkin_ws/devel/.private/gazebo_msgs/share/common-lisp/ros/gazebo_msgs/srv/_package_SetPhysicsProperties.lisp, /root/ari_public_catkin_ws/devel/share/common-lisp/ros/gazebo_msgs/srv/_package_SetPhysicsProperties.lisp)
Linked: (/root/ari_public_catkin_ws/devel/.private/gazebo_msgs/share/common-lisp/ros/gazebo_msgs/srv/_package_ApplyBodyWrench.lisp, /root/ari_public_catkin_ws/devel/share/common-lisp/ros/gazebo_msgs/srv/_package_ApplyBodyWrench.lisp)
Linked: (/root/ari_public_catkin_ws/devel/.private/gazebo_msgs/share/common-lisp/ros/gazebo_msgs/msg/ContactState.lisp, /root/ari_public_catkin_ws/devel/share/common-lisp/ros/gazebo_msgs/msg/ContactState.lisp)
Linked: (/root/ari_public_catkin_ws/devel/.private/gazebo_msgs/share/common-lisp/ros/gazebo_msgs/msg/ODEJointProperties.lisp, /root/ari_public_catkin_ws/devel/share/common-lisp/ros/gazebo_msgs/msg/ODEJointProperties.lisp)
Linked: (/root/ari_public_catkin_ws/devel/.private/gazebo_msgs/share/common-lisp/ros/gazebo_msgs/msg/_package.lisp, /root/ari_public_catkin_ws/devel/share/common-lisp/ros/gazebo_msgs/msg/_package.lisp)
Linked: (/root/ari_public_catkin_ws/devel/.private/gazebo_msgs/share/common-lisp/ros/gazebo_msgs/msg/_package_WorldState.lisp, /root/ari_public_catkin_ws/devel/share/common-lisp/ros/gazebo_msgs/msg/_package_WorldState.lisp)
Linked: (/root/ari_public_catkin_ws/devel/.private/gazebo_msgs/share/common-lisp/ros/gazebo_msgs/msg/ODEPhysics.lisp, /root/ari_public_catkin_ws/devel/share/common-lisp/ros/gazebo_msgs/msg/ODEPhysics.lisp)
Linked: (/root/ari_public_catkin_ws/devel/.private/gazebo_msgs/share/common-lisp/ros/gazebo_msgs/msg/_package_LinkStates.lisp, /root/ari_public_catkin_ws/devel/share/common-lisp/ros/gazebo_msgs/msg/_package_LinkStates.lisp)
Linked: (/root/ari_public_catkin_ws/devel/.private/gazebo_msgs/share/common-lisp/ros/gazebo_msgs/msg/ModelStates.lisp, /root/ari_public_catkin_ws/devel/share/common-lisp/ros/gazebo_msgs/msg/ModelStates.lisp)
Linked: (/root/ari_public_catkin_ws/devel/.private/gazebo_msgs/share/common-lisp/ros/gazebo_msgs/msg/WorldState.lisp, /root/ari_public_catkin_ws/devel/share/common-lisp/ros/gazebo_msgs/msg/WorldState.lisp)
Linked: (/root/ari_public_catkin_ws/devel/.private/gazebo_msgs/share/common-lisp/ros/gazebo_msgs/msg/gazebo_msgs-msg.asd, /root/ari_public_catkin_ws/devel/share/common-lisp/ros/gazebo_msgs/msg/gazebo_msgs-msg.asd)
Linked: (/root/ari_public_catkin_ws/devel/.private/gazebo_msgs/share/common-lisp/ros/gazebo_msgs/msg/LinkState.lisp, /root/ari_public_catkin_ws/devel/share/common-lisp/ros/gazebo_msgs/msg/LinkState.lisp)
Linked: (/root/ari_public_catkin_ws/devel/.private/gazebo_msgs/share/common-lisp/ros/gazebo_msgs/msg/LinkStates.lisp, /root/ari_public_catkin_ws/devel/share/common-lisp/ros/gazebo_msgs/msg/LinkStates.lisp)
Linked: (/root/ari_public_catkin_ws/devel/.private/gazebo_msgs/share/common-lisp/ros/gazebo_msgs/msg/_package_ODEPhysics.lisp, /root/ari_public_catkin_ws/devel/share/common-lisp/ros/gazebo_msgs/msg/_package_ODEPhysics.lisp)
Linked: (/root/ari_public_catkin_ws/devel/.private/gazebo_msgs/share/common-lisp/ros/gazebo_msgs/msg/_package_ModelStates.lisp, /root/ari_public_catkin_ws/devel/share/common-lisp/ros/gazebo_msgs/msg/_package_ModelStates.lisp)
Linked: (/root/ari_public_catkin_ws/devel/.private/gazebo_msgs/share/common-lisp/ros/gazebo_msgs/msg/_package_ContactState.lisp, /root/ari_public_catkin_ws/devel/share/common-lisp/ros/gazebo_msgs/msg/_package_ContactState.lisp)
Linked: (/root/ari_public_catkin_ws/devel/.private/gazebo_msgs/share/common-lisp/ros/gazebo_msgs/msg/_package_ODEJointProperties.lisp, /root/ari_public_catkin_ws/devel/share/common-lisp/ros/gazebo_msgs/msg/_package_ODEJointProperties.lisp)
Linked: (/root/ari_public_catkin_ws/devel/.private/gazebo_msgs/share/common-lisp/ros/gazebo_msgs/msg/ModelState.lisp, /root/ari_public_catkin_ws/devel/share/common-lisp/ros/gazebo_msgs/msg/ModelState.lisp)
Linked: (/root/ari_public_catkin_ws/devel/.private/gazebo_msgs/share/common-lisp/ros/gazebo_msgs/msg/ContactsState.lisp, /root/ari_public_catkin_ws/devel/share/common-lisp/ros/gazebo_msgs/msg/ContactsState.lisp)
Linked: (/root/ari_public_catkin_ws/devel/.private/gazebo_msgs/share/common-lisp/ros/gazebo_msgs/msg/_package_ContactsState.lisp, /root/ari_public_catkin_ws/devel/share/common-lisp/ros/gazebo_msgs/msg/_package_ContactsState.lisp)
Linked: (/root/ari_public_catkin_ws/devel/.private/gazebo_msgs/share/common-lisp/ros/gazebo_msgs/msg/_package_ModelState.lisp, /root/ari_public_catkin_ws/devel/share/common-lisp/ros/gazebo_msgs/msg/_package_ModelState.lisp)
Linked: (/root/ari_public_catkin_ws/devel/.private/gazebo_msgs/share/common-lisp/ros/gazebo_msgs/msg/_package_LinkState.lisp, /root/ari_public_catkin_ws/devel/share/common-lisp/ros/gazebo_msgs/msg/_package_LinkState.lisp)
