Determining if the pthread_create exist failed with the following output:
Change Dir: /root/ari_public_catkin_ws/build/multi_robot/CMakeFiles/CMakeTmp

Run Build Command:"/usr/bin/make" "cmTC_77b6a/fast"
/usr/bin/make -f CMakeFiles/cmTC_77b6a.dir/build.make CMakeFiles/cmTC_77b6a.dir/build
make[1]: Entering directory '/root/ari_public_catkin_ws/build/multi_robot/CMakeFiles/CMakeTmp'
Building C object CMakeFiles/cmTC_77b6a.dir/CheckSymbolExists.c.o
/usr/bin/cc    -o CMakeFiles/cmTC_77b6a.dir/CheckSymbolExists.c.o   -c /root/ari_public_catkin_ws/build/multi_robot/CMakeFiles/CMakeTmp/CheckSymbolExists.c
Linking C executable cmTC_77b6a
/usr/bin/cmake -E cmake_link_script CMakeFiles/cmTC_77b6a.dir/link.txt --verbose=1
/usr/bin/cc      -rdynamic CMakeFiles/cmTC_77b6a.dir/CheckSymbolExists.c.o  -o cmTC_77b6a 
CMakeFiles/cmTC_77b6a.dir/CheckSymbolExists.c.o: In function `main':
CheckSymbolExists.c:(.text+0x1b): undefined reference to `pthread_create'
collect2: error: ld returned 1 exit status
CMakeFiles/cmTC_77b6a.dir/build.make:97: recipe for target 'cmTC_77b6a' failed
make[1]: *** [cmTC_77b6a] Error 1
make[1]: Leaving directory '/root/ari_public_catkin_ws/build/multi_robot/CMakeFiles/CMakeTmp'
Makefile:126: recipe for target 'cmTC_77b6a/fast' failed
make: *** [cmTC_77b6a/fast] Error 2

File /root/ari_public_catkin_ws/build/multi_robot/CMakeFiles/CMakeTmp/CheckSymbolExists.c:
/* */
#include <pthread.h>

int main(int argc, char** argv)
{
  (void)argv;
#ifndef pthread_create
  return ((int*)(&pthread_create))[argc];
#else
  (void)argc;
  return 0;
#endif
}

Determining if the function pthread_create exists in the pthreads failed with the following output:
Change Dir: /root/ari_public_catkin_ws/build/multi_robot/CMakeFiles/CMakeTmp

Run Build Command:"/usr/bin/make" "cmTC_1545f/fast"
/usr/bin/make -f CMakeFiles/cmTC_1545f.dir/build.make CMakeFiles/cmTC_1545f.dir/build
make[1]: Entering directory '/root/ari_public_catkin_ws/build/multi_robot/CMakeFiles/CMakeTmp'
Building C object CMakeFiles/cmTC_1545f.dir/CheckFunctionExists.c.o
/usr/bin/cc   -DCHECK_FUNCTION_EXISTS=pthread_create   -o CMakeFiles/cmTC_1545f.dir/CheckFunctionExists.c.o   -c /usr/share/cmake-3.10/Modules/CheckFunctionExists.c
Linking C executable cmTC_1545f
/usr/bin/cmake -E cmake_link_script CMakeFiles/cmTC_1545f.dir/link.txt --verbose=1
/usr/bin/cc  -DCHECK_FUNCTION_EXISTS=pthread_create    -rdynamic CMakeFiles/cmTC_1545f.dir/CheckFunctionExists.c.o  -o cmTC_1545f -lpthreads 
/usr/bin/ld: cannot find -lpthreads
collect2: error: ld returned 1 exit status
CMakeFiles/cmTC_1545f.dir/build.make:97: recipe for target 'cmTC_1545f' failed
make[1]: *** [cmTC_1545f] Error 1
make[1]: Leaving directory '/root/ari_public_catkin_ws/build/multi_robot/CMakeFiles/CMakeTmp'
Makefile:126: recipe for target 'cmTC_1545f/fast' failed
make: *** [cmTC_1545f/fast] Error 2


