Symlinking /root/ari_public_catkin_ws/devel/include/pal_interaction_msgs/audiosignal.h
Symlinking /root/ari_public_catkin_ws/devel/include/pal_interaction_msgs/SoundActionGoal.h
Symlinking /root/ari_public_catkin_ws/devel/include/pal_interaction_msgs/TtsActionFeedback.h
Symlinking /root/ari_public_catkin_ws/devel/include/pal_interaction_msgs/ASRSrvResponse.h
Symlinking /root/ari_public_catkin_ws/devel/include/pal_interaction_msgs/Input.h
Symlinking /root/ari_public_catkin_ws/devel/include/pal_interaction_msgs/WebGuiEvent.h
Symlinking /root/ari_public_catkin_ws/devel/include/pal_interaction_msgs/TtsGoal.h
Symlinking /root/ari_public_catkin_ws/devel/include/pal_interaction_msgs/TtsResult.h
Symlinking /root/ari_public_catkin_ws/devel/include/pal_interaction_msgs/SoundAction.h
Symlinking /root/ari_public_catkin_ws/devel/include/pal_interaction_msgs/ASRStatus.h
Symlinking /root/ari_public_catkin_ws/devel/include/pal_interaction_msgs/recognizerServiceResponse.h
Symlinking /root/ari_public_catkin_ws/devel/include/pal_interaction_msgs/AudioDeviceDescription.h
Symlinking /root/ari_public_catkin_ws/devel/include/pal_interaction_msgs/SoundGoal.h
Symlinking /root/ari_public_catkin_ws/devel/include/pal_interaction_msgs/recognizerService.h
Symlinking /root/ari_public_catkin_ws/devel/include/pal_interaction_msgs/AudioPlayerState.h
Symlinking /root/ari_public_catkin_ws/devel/include/pal_interaction_msgs/AudioPlayResult.h
Symlinking /root/ari_public_catkin_ws/devel/include/pal_interaction_msgs/ASRServiceResponse.h
Symlinking /root/ari_public_catkin_ws/devel/include/pal_interaction_msgs/TtsActionGoal.h
Symlinking /root/ari_public_catkin_ws/devel/include/pal_interaction_msgs/ASRService.h
Symlinking /root/ari_public_catkin_ws/devel/include/pal_interaction_msgs/DirectionOfArrival.h
Symlinking /root/ari_public_catkin_ws/devel/include/pal_interaction_msgs/SoundLocalisationService.h
Symlinking /root/ari_public_catkin_ws/devel/include/pal_interaction_msgs/TtsText.h
Symlinking /root/ari_public_catkin_ws/devel/include/pal_interaction_msgs/SoundActionResult.h
Symlinking /root/ari_public_catkin_ws/devel/include/pal_interaction_msgs/SoundActionFeedback.h
Symlinking /root/ari_public_catkin_ws/devel/include/pal_interaction_msgs/ASRLangModelMngmt.h
Symlinking /root/ari_public_catkin_ws/devel/include/pal_interaction_msgs/AudioPlayActionResult.h
Symlinking /root/ari_public_catkin_ws/devel/include/pal_interaction_msgs/VoiceActivity.h
Symlinking /root/ari_public_catkin_ws/devel/include/pal_interaction_msgs/ASRSrvRequest.h
Symlinking /root/ari_public_catkin_ws/devel/include/pal_interaction_msgs/TtsAction.h
Symlinking /root/ari_public_catkin_ws/devel/include/pal_interaction_msgs/recognizerServiceRequest.h
Symlinking /root/ari_public_catkin_ws/devel/include/pal_interaction_msgs/InputArgument.h
Symlinking /root/ari_public_catkin_ws/devel/include/pal_interaction_msgs/AudioPlayFeedback.h
Symlinking /root/ari_public_catkin_ws/devel/include/pal_interaction_msgs/EnablingSoundLocalisation.h
Symlinking /root/ari_public_catkin_ws/devel/include/pal_interaction_msgs/TtsMark.h
Symlinking /root/ari_public_catkin_ws/devel/include/pal_interaction_msgs/SoundResult.h
Symlinking /root/ari_public_catkin_ws/devel/include/pal_interaction_msgs/ASRFileFeedback.h
Symlinking /root/ari_public_catkin_ws/devel/include/pal_interaction_msgs/asrupdate.h
Symlinking /root/ari_public_catkin_ws/devel/include/pal_interaction_msgs/ASRFileGoal.h
Symlinking /root/ari_public_catkin_ws/devel/include/pal_interaction_msgs/I18nArgument.h
Symlinking /root/ari_public_catkin_ws/devel/include/pal_interaction_msgs/ASRFileActionFeedback.h
Symlinking /root/ari_public_catkin_ws/devel/include/pal_interaction_msgs/asrresult.h
Symlinking /root/ari_public_catkin_ws/devel/include/pal_interaction_msgs/SoundLocalisationServiceRequest.h
Symlinking /root/ari_public_catkin_ws/devel/include/pal_interaction_msgs/GetSpeechDurationResponse.h
Symlinking /root/ari_public_catkin_ws/devel/include/pal_interaction_msgs/AudioPlayAction.h
Symlinking /root/ari_public_catkin_ws/devel/include/pal_interaction_msgs/ASRFileResult.h
Symlinking /root/ari_public_catkin_ws/devel/include/pal_interaction_msgs/ASREvent.h
Symlinking /root/ari_public_catkin_ws/devel/include/pal_interaction_msgs/SoundLocalisationServiceResponse.h
Symlinking /root/ari_public_catkin_ws/devel/include/pal_interaction_msgs/SoundFeedback.h
Symlinking /root/ari_public_catkin_ws/devel/include/pal_interaction_msgs/AudioPlayActionFeedback.h
Symlinking /root/ari_public_catkin_ws/devel/include/pal_interaction_msgs/ASRLanguage.h
Symlinking /root/ari_public_catkin_ws/devel/include/pal_interaction_msgs/TtsActionResult.h
Symlinking /root/ari_public_catkin_ws/devel/include/pal_interaction_msgs/GetSpeechDuration.h
Symlinking /root/ari_public_catkin_ws/devel/include/pal_interaction_msgs/TTSstate.h
Symlinking /root/ari_public_catkin_ws/devel/include/pal_interaction_msgs/TtsFeedback.h
Symlinking /root/ari_public_catkin_ws/devel/include/pal_interaction_msgs/ASRServiceRequest.h
Symlinking /root/ari_public_catkin_ws/devel/include/pal_interaction_msgs/GetSpeechDurationRequest.h
Symlinking /root/ari_public_catkin_ws/devel/include/pal_interaction_msgs/ASRFileAction.h
Symlinking /root/ari_public_catkin_ws/devel/include/pal_interaction_msgs/AudioPlayGoal.h
Symlinking /root/ari_public_catkin_ws/devel/include/pal_interaction_msgs/ASRFileActionGoal.h
Symlinking /root/ari_public_catkin_ws/devel/include/pal_interaction_msgs/AudioPlayActionGoal.h
Symlinking /root/ari_public_catkin_ws/devel/include/pal_interaction_msgs/I18nText.h
Symlinking /root/ari_public_catkin_ws/devel/include/pal_interaction_msgs/actiontag.h
Symlinking /root/ari_public_catkin_ws/devel/include/pal_interaction_msgs/ASRActivation.h
Symlinking /root/ari_public_catkin_ws/devel/include/pal_interaction_msgs/ASRFileActionResult.h
Symlinking /root/ari_public_catkin_ws/devel/lib/pkgconfig/pal_interaction_msgs.pc
Symlinking /root/ari_public_catkin_ws/devel/lib/python2.7/dist-packages/pal_interaction_msgs/__init__.py
Symlinking /root/ari_public_catkin_ws/devel/lib/python2.7/dist-packages/pal_interaction_msgs/srv/_GetSpeechDuration.py
Symlinking /root/ari_public_catkin_ws/devel/lib/python2.7/dist-packages/pal_interaction_msgs/srv/__init__.py
Symlinking /root/ari_public_catkin_ws/devel/lib/python2.7/dist-packages/pal_interaction_msgs/srv/_SoundLocalisationService.py
Symlinking /root/ari_public_catkin_ws/devel/lib/python2.7/dist-packages/pal_interaction_msgs/srv/_recognizerService.py
Symlinking /root/ari_public_catkin_ws/devel/lib/python2.7/dist-packages/pal_interaction_msgs/srv/_ASRService.py
Symlinking /root/ari_public_catkin_ws/devel/lib/python2.7/dist-packages/pal_interaction_msgs/msg/_ASRFileFeedback.py
Symlinking /root/ari_public_catkin_ws/devel/lib/python2.7/dist-packages/pal_interaction_msgs/msg/_TtsAction.py
Symlinking /root/ari_public_catkin_ws/devel/lib/python2.7/dist-packages/pal_interaction_msgs/msg/_TtsFeedback.py
Symlinking /root/ari_public_catkin_ws/devel/lib/python2.7/dist-packages/pal_interaction_msgs/msg/_ASRStatus.py
Symlinking /root/ari_public_catkin_ws/devel/lib/python2.7/dist-packages/pal_interaction_msgs/msg/_SoundGoal.py
Symlinking /root/ari_public_catkin_ws/devel/lib/python2.7/dist-packages/pal_interaction_msgs/msg/_AudioPlayResult.py
Symlinking /root/ari_public_catkin_ws/devel/lib/python2.7/dist-packages/pal_interaction_msgs/msg/_SoundAction.py
Symlinking /root/ari_public_catkin_ws/devel/lib/python2.7/dist-packages/pal_interaction_msgs/msg/_ASRLangModelMngmt.py
Symlinking /root/ari_public_catkin_ws/devel/lib/python2.7/dist-packages/pal_interaction_msgs/msg/__init__.py
Symlinking /root/ari_public_catkin_ws/devel/lib/python2.7/dist-packages/pal_interaction_msgs/msg/_VoiceActivity.py
Symlinking /root/ari_public_catkin_ws/devel/lib/python2.7/dist-packages/pal_interaction_msgs/msg/_I18nArgument.py
Symlinking /root/ari_public_catkin_ws/devel/lib/python2.7/dist-packages/pal_interaction_msgs/msg/_audiosignal.py
Symlinking /root/ari_public_catkin_ws/devel/lib/python2.7/dist-packages/pal_interaction_msgs/msg/_AudioPlayFeedback.py
Symlinking /root/ari_public_catkin_ws/devel/lib/python2.7/dist-packages/pal_interaction_msgs/msg/_TtsActionGoal.py
Symlinking /root/ari_public_catkin_ws/devel/lib/python2.7/dist-packages/pal_interaction_msgs/msg/_TtsGoal.py
Symlinking /root/ari_public_catkin_ws/devel/lib/python2.7/dist-packages/pal_interaction_msgs/msg/_DirectionOfArrival.py
Symlinking /root/ari_public_catkin_ws/devel/lib/python2.7/dist-packages/pal_interaction_msgs/msg/_ASRLanguage.py
Symlinking /root/ari_public_catkin_ws/devel/lib/python2.7/dist-packages/pal_interaction_msgs/msg/_SoundActionGoal.py
Symlinking /root/ari_public_catkin_ws/devel/lib/python2.7/dist-packages/pal_interaction_msgs/msg/_TtsMark.py
Symlinking /root/ari_public_catkin_ws/devel/lib/python2.7/dist-packages/pal_interaction_msgs/msg/_ASRFileActionGoal.py
Symlinking /root/ari_public_catkin_ws/devel/lib/python2.7/dist-packages/pal_interaction_msgs/msg/_actiontag.py
Symlinking /root/ari_public_catkin_ws/devel/lib/python2.7/dist-packages/pal_interaction_msgs/msg/_AudioPlayAction.py
Symlinking /root/ari_public_catkin_ws/devel/lib/python2.7/dist-packages/pal_interaction_msgs/msg/_TTSstate.py
Symlinking /root/ari_public_catkin_ws/devel/lib/python2.7/dist-packages/pal_interaction_msgs/msg/_TtsText.py
Symlinking /root/ari_public_catkin_ws/devel/lib/python2.7/dist-packages/pal_interaction_msgs/msg/_asrupdate.py
Symlinking /root/ari_public_catkin_ws/devel/lib/python2.7/dist-packages/pal_interaction_msgs/msg/_WebGuiEvent.py
Symlinking /root/ari_public_catkin_ws/devel/lib/python2.7/dist-packages/pal_interaction_msgs/msg/_asrresult.py
Symlinking /root/ari_public_catkin_ws/devel/lib/python2.7/dist-packages/pal_interaction_msgs/msg/_SoundResult.py
Symlinking /root/ari_public_catkin_ws/devel/lib/python2.7/dist-packages/pal_interaction_msgs/msg/_TtsResult.py
Symlinking /root/ari_public_catkin_ws/devel/lib/python2.7/dist-packages/pal_interaction_msgs/msg/_TtsActionResult.py
Symlinking /root/ari_public_catkin_ws/devel/lib/python2.7/dist-packages/pal_interaction_msgs/msg/_InputArgument.py
Symlinking /root/ari_public_catkin_ws/devel/lib/python2.7/dist-packages/pal_interaction_msgs/msg/_SoundFeedback.py
Symlinking /root/ari_public_catkin_ws/devel/lib/python2.7/dist-packages/pal_interaction_msgs/msg/_AudioPlayActionGoal.py
Symlinking /root/ari_public_catkin_ws/devel/lib/python2.7/dist-packages/pal_interaction_msgs/msg/_I18nText.py
Symlinking /root/ari_public_catkin_ws/devel/lib/python2.7/dist-packages/pal_interaction_msgs/msg/_ASRSrvResponse.py
Symlinking /root/ari_public_catkin_ws/devel/lib/python2.7/dist-packages/pal_interaction_msgs/msg/_ASRFileActionResult.py
Symlinking /root/ari_public_catkin_ws/devel/lib/python2.7/dist-packages/pal_interaction_msgs/msg/_ASREvent.py
Symlinking /root/ari_public_catkin_ws/devel/lib/python2.7/dist-packages/pal_interaction_msgs/msg/_ASRActivation.py
Symlinking /root/ari_public_catkin_ws/devel/lib/python2.7/dist-packages/pal_interaction_msgs/msg/_AudioPlayActionFeedback.py
Symlinking /root/ari_public_catkin_ws/devel/lib/python2.7/dist-packages/pal_interaction_msgs/msg/_ASRFileAction.py
Symlinking /root/ari_public_catkin_ws/devel/lib/python2.7/dist-packages/pal_interaction_msgs/msg/_SoundActionFeedback.py
Symlinking /root/ari_public_catkin_ws/devel/lib/python2.7/dist-packages/pal_interaction_msgs/msg/_ASRFileActionFeedback.py
Symlinking /root/ari_public_catkin_ws/devel/lib/python2.7/dist-packages/pal_interaction_msgs/msg/_TtsActionFeedback.py
Symlinking /root/ari_public_catkin_ws/devel/lib/python2.7/dist-packages/pal_interaction_msgs/msg/_SoundActionResult.py
Symlinking /root/ari_public_catkin_ws/devel/lib/python2.7/dist-packages/pal_interaction_msgs/msg/_ASRSrvRequest.py
Symlinking /root/ari_public_catkin_ws/devel/lib/python2.7/dist-packages/pal_interaction_msgs/msg/_ASRFileGoal.py
Symlinking /root/ari_public_catkin_ws/devel/lib/python2.7/dist-packages/pal_interaction_msgs/msg/_EnablingSoundLocalisation.py
Symlinking /root/ari_public_catkin_ws/devel/lib/python2.7/dist-packages/pal_interaction_msgs/msg/_AudioPlayGoal.py
Symlinking /root/ari_public_catkin_ws/devel/lib/python2.7/dist-packages/pal_interaction_msgs/msg/_Input.py
Symlinking /root/ari_public_catkin_ws/devel/lib/python2.7/dist-packages/pal_interaction_msgs/msg/_AudioDeviceDescription.py
Symlinking /root/ari_public_catkin_ws/devel/lib/python2.7/dist-packages/pal_interaction_msgs/msg/_ASRFileResult.py
Symlinking /root/ari_public_catkin_ws/devel/lib/python2.7/dist-packages/pal_interaction_msgs/msg/_AudioPlayerState.py
Symlinking /root/ari_public_catkin_ws/devel/lib/python2.7/dist-packages/pal_interaction_msgs/msg/_AudioPlayActionResult.py
Symlinking /root/ari_public_catkin_ws/devel/share/gennodejs/ros/pal_interaction_msgs/_index.js
Symlinking /root/ari_public_catkin_ws/devel/share/gennodejs/ros/pal_interaction_msgs/srv/_index.js
Symlinking /root/ari_public_catkin_ws/devel/share/gennodejs/ros/pal_interaction_msgs/srv/GetSpeechDuration.js
Symlinking /root/ari_public_catkin_ws/devel/share/gennodejs/ros/pal_interaction_msgs/srv/ASRService.js
Symlinking /root/ari_public_catkin_ws/devel/share/gennodejs/ros/pal_interaction_msgs/srv/recognizerService.js
Symlinking /root/ari_public_catkin_ws/devel/share/gennodejs/ros/pal_interaction_msgs/srv/SoundLocalisationService.js
Symlinking /root/ari_public_catkin_ws/devel/share/gennodejs/ros/pal_interaction_msgs/msg/TTSstate.js
Symlinking /root/ari_public_catkin_ws/devel/share/gennodejs/ros/pal_interaction_msgs/msg/AudioPlayActionResult.js
Symlinking /root/ari_public_catkin_ws/devel/share/gennodejs/ros/pal_interaction_msgs/msg/SoundResult.js
Symlinking /root/ari_public_catkin_ws/devel/share/gennodejs/ros/pal_interaction_msgs/msg/SoundActionFeedback.js
Symlinking /root/ari_public_catkin_ws/devel/share/gennodejs/ros/pal_interaction_msgs/msg/AudioPlayResult.js
Symlinking /root/ari_public_catkin_ws/devel/share/gennodejs/ros/pal_interaction_msgs/msg/AudioDeviceDescription.js
Symlinking /root/ari_public_catkin_ws/devel/share/gennodejs/ros/pal_interaction_msgs/msg/TtsResult.js
Symlinking /root/ari_public_catkin_ws/devel/share/gennodejs/ros/pal_interaction_msgs/msg/_index.js
Symlinking /root/ari_public_catkin_ws/devel/share/gennodejs/ros/pal_interaction_msgs/msg/ASRLangModelMngmt.js
Symlinking /root/ari_public_catkin_ws/devel/share/gennodejs/ros/pal_interaction_msgs/msg/TtsFeedback.js
Symlinking /root/ari_public_catkin_ws/devel/share/gennodejs/ros/pal_interaction_msgs/msg/asrresult.js
Symlinking /root/ari_public_catkin_ws/devel/share/gennodejs/ros/pal_interaction_msgs/msg/ASREvent.js
Symlinking /root/ari_public_catkin_ws/devel/share/gennodejs/ros/pal_interaction_msgs/msg/ASRActivation.js
Symlinking /root/ari_public_catkin_ws/devel/share/gennodejs/ros/pal_interaction_msgs/msg/ASRFileActionFeedback.js
Symlinking /root/ari_public_catkin_ws/devel/share/gennodejs/ros/pal_interaction_msgs/msg/VoiceActivity.js
Symlinking /root/ari_public_catkin_ws/devel/share/gennodejs/ros/pal_interaction_msgs/msg/I18nText.js
Symlinking /root/ari_public_catkin_ws/devel/share/gennodejs/ros/pal_interaction_msgs/msg/AudioPlayActionGoal.js
Symlinking /root/ari_public_catkin_ws/devel/share/gennodejs/ros/pal_interaction_msgs/msg/ASRSrvResponse.js
Symlinking /root/ari_public_catkin_ws/devel/share/gennodejs/ros/pal_interaction_msgs/msg/ASRFileActionResult.js
Symlinking /root/ari_public_catkin_ws/devel/share/gennodejs/ros/pal_interaction_msgs/msg/SoundActionResult.js
Symlinking /root/ari_public_catkin_ws/devel/share/gennodejs/ros/pal_interaction_msgs/msg/AudioPlayAction.js
Symlinking /root/ari_public_catkin_ws/devel/share/gennodejs/ros/pal_interaction_msgs/msg/TtsMark.js
Symlinking /root/ari_public_catkin_ws/devel/share/gennodejs/ros/pal_interaction_msgs/msg/ASRFileResult.js
Symlinking /root/ari_public_catkin_ws/devel/share/gennodejs/ros/pal_interaction_msgs/msg/ASRFileActionGoal.js
Symlinking /root/ari_public_catkin_ws/devel/share/gennodejs/ros/pal_interaction_msgs/msg/ASRFileAction.js
Symlinking /root/ari_public_catkin_ws/devel/share/gennodejs/ros/pal_interaction_msgs/msg/ASRFileFeedback.js
Symlinking /root/ari_public_catkin_ws/devel/share/gennodejs/ros/pal_interaction_msgs/msg/SoundFeedback.js
Symlinking /root/ari_public_catkin_ws/devel/share/gennodejs/ros/pal_interaction_msgs/msg/AudioPlayFeedback.js
Symlinking /root/ari_public_catkin_ws/devel/share/gennodejs/ros/pal_interaction_msgs/msg/TtsActionGoal.js
Symlinking /root/ari_public_catkin_ws/devel/share/gennodejs/ros/pal_interaction_msgs/msg/WebGuiEvent.js
Symlinking /root/ari_public_catkin_ws/devel/share/gennodejs/ros/pal_interaction_msgs/msg/InputArgument.js
Symlinking /root/ari_public_catkin_ws/devel/share/gennodejs/ros/pal_interaction_msgs/msg/AudioPlayActionFeedback.js
Symlinking /root/ari_public_catkin_ws/devel/share/gennodejs/ros/pal_interaction_msgs/msg/AudioPlayGoal.js
Symlinking /root/ari_public_catkin_ws/devel/share/gennodejs/ros/pal_interaction_msgs/msg/ASRLanguage.js
Symlinking /root/ari_public_catkin_ws/devel/share/gennodejs/ros/pal_interaction_msgs/msg/ASRFileGoal.js
Symlinking /root/ari_public_catkin_ws/devel/share/gennodejs/ros/pal_interaction_msgs/msg/TtsGoal.js
Symlinking /root/ari_public_catkin_ws/devel/share/gennodejs/ros/pal_interaction_msgs/msg/TtsText.js
Symlinking /root/ari_public_catkin_ws/devel/share/gennodejs/ros/pal_interaction_msgs/msg/actiontag.js
Symlinking /root/ari_public_catkin_ws/devel/share/gennodejs/ros/pal_interaction_msgs/msg/asrupdate.js
Symlinking /root/ari_public_catkin_ws/devel/share/gennodejs/ros/pal_interaction_msgs/msg/SoundActionGoal.js
Symlinking /root/ari_public_catkin_ws/devel/share/gennodejs/ros/pal_interaction_msgs/msg/TtsActionFeedback.js
Symlinking /root/ari_public_catkin_ws/devel/share/gennodejs/ros/pal_interaction_msgs/msg/SoundAction.js
Symlinking /root/ari_public_catkin_ws/devel/share/gennodejs/ros/pal_interaction_msgs/msg/AudioPlayerState.js
Symlinking /root/ari_public_catkin_ws/devel/share/gennodejs/ros/pal_interaction_msgs/msg/I18nArgument.js
Symlinking /root/ari_public_catkin_ws/devel/share/gennodejs/ros/pal_interaction_msgs/msg/TtsActionResult.js
Symlinking /root/ari_public_catkin_ws/devel/share/gennodejs/ros/pal_interaction_msgs/msg/audiosignal.js
Symlinking /root/ari_public_catkin_ws/devel/share/gennodejs/ros/pal_interaction_msgs/msg/ASRSrvRequest.js
Symlinking /root/ari_public_catkin_ws/devel/share/gennodejs/ros/pal_interaction_msgs/msg/DirectionOfArrival.js
Symlinking /root/ari_public_catkin_ws/devel/share/gennodejs/ros/pal_interaction_msgs/msg/TtsAction.js
Symlinking /root/ari_public_catkin_ws/devel/share/gennodejs/ros/pal_interaction_msgs/msg/ASRStatus.js
Symlinking /root/ari_public_catkin_ws/devel/share/gennodejs/ros/pal_interaction_msgs/msg/SoundGoal.js
Symlinking /root/ari_public_catkin_ws/devel/share/gennodejs/ros/pal_interaction_msgs/msg/Input.js
Symlinking /root/ari_public_catkin_ws/devel/share/gennodejs/ros/pal_interaction_msgs/msg/EnablingSoundLocalisation.js
Symlinking /root/ari_public_catkin_ws/devel/share/roseus/ros/pal_interaction_msgs/manifest.l
Symlinking /root/ari_public_catkin_ws/devel/share/roseus/ros/pal_interaction_msgs/srv/SoundLocalisationService.l
Symlinking /root/ari_public_catkin_ws/devel/share/roseus/ros/pal_interaction_msgs/srv/recognizerService.l
Symlinking /root/ari_public_catkin_ws/devel/share/roseus/ros/pal_interaction_msgs/srv/ASRService.l
Symlinking /root/ari_public_catkin_ws/devel/share/roseus/ros/pal_interaction_msgs/srv/GetSpeechDuration.l
Symlinking /root/ari_public_catkin_ws/devel/share/roseus/ros/pal_interaction_msgs/msg/VoiceActivity.l
Symlinking /root/ari_public_catkin_ws/devel/share/roseus/ros/pal_interaction_msgs/msg/EnablingSoundLocalisation.l
Symlinking /root/ari_public_catkin_ws/devel/share/roseus/ros/pal_interaction_msgs/msg/AudioPlayActionFeedback.l
Symlinking /root/ari_public_catkin_ws/devel/share/roseus/ros/pal_interaction_msgs/msg/TtsActionResult.l
Symlinking /root/ari_public_catkin_ws/devel/share/roseus/ros/pal_interaction_msgs/msg/ASRFileActionResult.l
Symlinking /root/ari_public_catkin_ws/devel/share/roseus/ros/pal_interaction_msgs/msg/ASRFileActionFeedback.l
Symlinking /root/ari_public_catkin_ws/devel/share/roseus/ros/pal_interaction_msgs/msg/SoundActionFeedback.l
Symlinking /root/ari_public_catkin_ws/devel/share/roseus/ros/pal_interaction_msgs/msg/TtsFeedback.l
Symlinking /root/ari_public_catkin_ws/devel/share/roseus/ros/pal_interaction_msgs/msg/I18nText.l
Symlinking /root/ari_public_catkin_ws/devel/share/roseus/ros/pal_interaction_msgs/msg/AudioPlayActionResult.l
Symlinking /root/ari_public_catkin_ws/devel/share/roseus/ros/pal_interaction_msgs/msg/TtsText.l
Symlinking /root/ari_public_catkin_ws/devel/share/roseus/ros/pal_interaction_msgs/msg/SoundFeedback.l
Symlinking /root/ari_public_catkin_ws/devel/share/roseus/ros/pal_interaction_msgs/msg/ASRStatus.l
Symlinking /root/ari_public_catkin_ws/devel/share/roseus/ros/pal_interaction_msgs/msg/ASRLanguage.l
Symlinking /root/ari_public_catkin_ws/devel/share/roseus/ros/pal_interaction_msgs/msg/TtsResult.l
Symlinking /root/ari_public_catkin_ws/devel/share/roseus/ros/pal_interaction_msgs/msg/TtsActionFeedback.l
Symlinking /root/ari_public_catkin_ws/devel/share/roseus/ros/pal_interaction_msgs/msg/ASRFileGoal.l
Symlinking /root/ari_public_catkin_ws/devel/share/roseus/ros/pal_interaction_msgs/msg/SoundResult.l
Symlinking /root/ari_public_catkin_ws/devel/share/roseus/ros/pal_interaction_msgs/msg/AudioPlayResult.l
Symlinking /root/ari_public_catkin_ws/devel/share/roseus/ros/pal_interaction_msgs/msg/ASRFileFeedback.l
Symlinking /root/ari_public_catkin_ws/devel/share/roseus/ros/pal_interaction_msgs/msg/TtsActionGoal.l
Symlinking /root/ari_public_catkin_ws/devel/share/roseus/ros/pal_interaction_msgs/msg/TtsMark.l
Symlinking /root/ari_public_catkin_ws/devel/share/roseus/ros/pal_interaction_msgs/msg/AudioDeviceDescription.l
Symlinking /root/ari_public_catkin_ws/devel/share/roseus/ros/pal_interaction_msgs/msg/ASRSrvResponse.l
Symlinking /root/ari_public_catkin_ws/devel/share/roseus/ros/pal_interaction_msgs/msg/SoundAction.l
Symlinking /root/ari_public_catkin_ws/devel/share/roseus/ros/pal_interaction_msgs/msg/AudioPlayerState.l
Symlinking /root/ari_public_catkin_ws/devel/share/roseus/ros/pal_interaction_msgs/msg/WebGuiEvent.l
Symlinking /root/ari_public_catkin_ws/devel/share/roseus/ros/pal_interaction_msgs/msg/ASRLangModelMngmt.l
Symlinking /root/ari_public_catkin_ws/devel/share/roseus/ros/pal_interaction_msgs/msg/Input.l
Symlinking /root/ari_public_catkin_ws/devel/share/roseus/ros/pal_interaction_msgs/msg/TTSstate.l
Symlinking /root/ari_public_catkin_ws/devel/share/roseus/ros/pal_interaction_msgs/msg/ASRFileResult.l
Symlinking /root/ari_public_catkin_ws/devel/share/roseus/ros/pal_interaction_msgs/msg/AudioPlayAction.l
Symlinking /root/ari_public_catkin_ws/devel/share/roseus/ros/pal_interaction_msgs/msg/actiontag.l
Symlinking /root/ari_public_catkin_ws/devel/share/roseus/ros/pal_interaction_msgs/msg/asrupdate.l
Symlinking /root/ari_public_catkin_ws/devel/share/roseus/ros/pal_interaction_msgs/msg/AudioPlayFeedback.l
Symlinking /root/ari_public_catkin_ws/devel/share/roseus/ros/pal_interaction_msgs/msg/InputArgument.l
Symlinking /root/ari_public_catkin_ws/devel/share/roseus/ros/pal_interaction_msgs/msg/asrresult.l
Symlinking /root/ari_public_catkin_ws/devel/share/roseus/ros/pal_interaction_msgs/msg/ASRFileAction.l
Symlinking /root/ari_public_catkin_ws/devel/share/roseus/ros/pal_interaction_msgs/msg/SoundActionResult.l
Symlinking /root/ari_public_catkin_ws/devel/share/roseus/ros/pal_interaction_msgs/msg/ASRSrvRequest.l
Symlinking /root/ari_public_catkin_ws/devel/share/roseus/ros/pal_interaction_msgs/msg/AudioPlayActionGoal.l
Symlinking /root/ari_public_catkin_ws/devel/share/roseus/ros/pal_interaction_msgs/msg/SoundActionGoal.l
Symlinking /root/ari_public_catkin_ws/devel/share/roseus/ros/pal_interaction_msgs/msg/AudioPlayGoal.l
Symlinking /root/ari_public_catkin_ws/devel/share/roseus/ros/pal_interaction_msgs/msg/DirectionOfArrival.l
Symlinking /root/ari_public_catkin_ws/devel/share/roseus/ros/pal_interaction_msgs/msg/TtsGoal.l
Symlinking /root/ari_public_catkin_ws/devel/share/roseus/ros/pal_interaction_msgs/msg/TtsAction.l
Symlinking /root/ari_public_catkin_ws/devel/share/roseus/ros/pal_interaction_msgs/msg/SoundGoal.l
Symlinking /root/ari_public_catkin_ws/devel/share/roseus/ros/pal_interaction_msgs/msg/ASRActivation.l
Symlinking /root/ari_public_catkin_ws/devel/share/roseus/ros/pal_interaction_msgs/msg/ASRFileActionGoal.l
Symlinking /root/ari_public_catkin_ws/devel/share/roseus/ros/pal_interaction_msgs/msg/ASREvent.l
Symlinking /root/ari_public_catkin_ws/devel/share/roseus/ros/pal_interaction_msgs/msg/audiosignal.l
Symlinking /root/ari_public_catkin_ws/devel/share/roseus/ros/pal_interaction_msgs/msg/I18nArgument.l
Symlinking /root/ari_public_catkin_ws/devel/share/common-lisp/ros/pal_interaction_msgs/srv/_package_SoundLocalisationService.lisp
Symlinking /root/ari_public_catkin_ws/devel/share/common-lisp/ros/pal_interaction_msgs/srv/_package.lisp
Symlinking /root/ari_public_catkin_ws/devel/share/common-lisp/ros/pal_interaction_msgs/srv/_package_ASRService.lisp
Symlinking /root/ari_public_catkin_ws/devel/share/common-lisp/ros/pal_interaction_msgs/srv/pal_interaction_msgs-srv.asd
Symlinking /root/ari_public_catkin_ws/devel/share/common-lisp/ros/pal_interaction_msgs/srv/GetSpeechDuration.lisp
Symlinking /root/ari_public_catkin_ws/devel/share/common-lisp/ros/pal_interaction_msgs/srv/recognizerService.lisp
Symlinking /root/ari_public_catkin_ws/devel/share/common-lisp/ros/pal_interaction_msgs/srv/_package_recognizerService.lisp
Symlinking /root/ari_public_catkin_ws/devel/share/common-lisp/ros/pal_interaction_msgs/srv/SoundLocalisationService.lisp
Symlinking /root/ari_public_catkin_ws/devel/share/common-lisp/ros/pal_interaction_msgs/srv/_package_GetSpeechDuration.lisp
Symlinking /root/ari_public_catkin_ws/devel/share/common-lisp/ros/pal_interaction_msgs/srv/ASRService.lisp
Symlinking /root/ari_public_catkin_ws/devel/share/common-lisp/ros/pal_interaction_msgs/msg/TtsText.lisp
Symlinking /root/ari_public_catkin_ws/devel/share/common-lisp/ros/pal_interaction_msgs/msg/pal_interaction_msgs-msg.asd
Symlinking /root/ari_public_catkin_ws/devel/share/common-lisp/ros/pal_interaction_msgs/msg/_package_TtsActionResult.lisp
Symlinking /root/ari_public_catkin_ws/devel/share/common-lisp/ros/pal_interaction_msgs/msg/_package_ASRFileResult.lisp
Symlinking /root/ari_public_catkin_ws/devel/share/common-lisp/ros/pal_interaction_msgs/msg/Input.lisp
Symlinking /root/ari_public_catkin_ws/devel/share/common-lisp/ros/pal_interaction_msgs/msg/ASRFileActionGoal.lisp
Symlinking /root/ari_public_catkin_ws/devel/share/common-lisp/ros/pal_interaction_msgs/msg/_package_AudioPlayActionResult.lisp
Symlinking /root/ari_public_catkin_ws/devel/share/common-lisp/ros/pal_interaction_msgs/msg/_package_ASRFileActionFeedback.lisp
Symlinking /root/ari_public_catkin_ws/devel/share/common-lisp/ros/pal_interaction_msgs/msg/ASREvent.lisp
Symlinking /root/ari_public_catkin_ws/devel/share/common-lisp/ros/pal_interaction_msgs/msg/SoundFeedback.lisp
Symlinking /root/ari_public_catkin_ws/devel/share/common-lisp/ros/pal_interaction_msgs/msg/TtsFeedback.lisp
Symlinking /root/ari_public_catkin_ws/devel/share/common-lisp/ros/pal_interaction_msgs/msg/asrupdate.lisp
Symlinking /root/ari_public_catkin_ws/devel/share/common-lisp/ros/pal_interaction_msgs/msg/SoundActionFeedback.lisp
Symlinking /root/ari_public_catkin_ws/devel/share/common-lisp/ros/pal_interaction_msgs/msg/AudioPlayActionFeedback.lisp
Symlinking /root/ari_public_catkin_ws/devel/share/common-lisp/ros/pal_interaction_msgs/msg/_package_SoundGoal.lisp
Symlinking /root/ari_public_catkin_ws/devel/share/common-lisp/ros/pal_interaction_msgs/msg/ASRFileGoal.lisp
Symlinking /root/ari_public_catkin_ws/devel/share/common-lisp/ros/pal_interaction_msgs/msg/_package_ASRSrvRequest.lisp
Symlinking /root/ari_public_catkin_ws/devel/share/common-lisp/ros/pal_interaction_msgs/msg/ASRSrvRequest.lisp
Symlinking /root/ari_public_catkin_ws/devel/share/common-lisp/ros/pal_interaction_msgs/msg/_package_ASRFileActionGoal.lisp
Symlinking /root/ari_public_catkin_ws/devel/share/common-lisp/ros/pal_interaction_msgs/msg/_package_AudioPlayActionGoal.lisp
Symlinking /root/ari_public_catkin_ws/devel/share/common-lisp/ros/pal_interaction_msgs/msg/SoundActionGoal.lisp
Symlinking /root/ari_public_catkin_ws/devel/share/common-lisp/ros/pal_interaction_msgs/msg/actiontag.lisp
Symlinking /root/ari_public_catkin_ws/devel/share/common-lisp/ros/pal_interaction_msgs/msg/ASRSrvResponse.lisp
Symlinking /root/ari_public_catkin_ws/devel/share/common-lisp/ros/pal_interaction_msgs/msg/TtsActionGoal.lisp
Symlinking /root/ari_public_catkin_ws/devel/share/common-lisp/ros/pal_interaction_msgs/msg/_package_DirectionOfArrival.lisp
Symlinking /root/ari_public_catkin_ws/devel/share/common-lisp/ros/pal_interaction_msgs/msg/_package_AudioPlayAction.lisp
Symlinking /root/ari_public_catkin_ws/devel/share/common-lisp/ros/pal_interaction_msgs/msg/AudioPlayGoal.lisp
Symlinking /root/ari_public_catkin_ws/devel/share/common-lisp/ros/pal_interaction_msgs/msg/_package_TtsText.lisp
Symlinking /root/ari_public_catkin_ws/devel/share/common-lisp/ros/pal_interaction_msgs/msg/ASRFileResult.lisp
Symlinking /root/ari_public_catkin_ws/devel/share/common-lisp/ros/pal_interaction_msgs/msg/_package_I18nArgument.lisp
Symlinking /root/ari_public_catkin_ws/devel/share/common-lisp/ros/pal_interaction_msgs/msg/_package.lisp
Symlinking /root/ari_public_catkin_ws/devel/share/common-lisp/ros/pal_interaction_msgs/msg/_package_asrupdate.lisp
Symlinking /root/ari_public_catkin_ws/devel/share/common-lisp/ros/pal_interaction_msgs/msg/_package_SoundActionResult.lisp
Symlinking /root/ari_public_catkin_ws/devel/share/common-lisp/ros/pal_interaction_msgs/msg/_package_VoiceActivity.lisp
Symlinking /root/ari_public_catkin_ws/devel/share/common-lisp/ros/pal_interaction_msgs/msg/_package_ASRActivation.lisp
Symlinking /root/ari_public_catkin_ws/devel/share/common-lisp/ros/pal_interaction_msgs/msg/_package_WebGuiEvent.lisp
Symlinking /root/ari_public_catkin_ws/devel/share/common-lisp/ros/pal_interaction_msgs/msg/asrresult.lisp
Symlinking /root/ari_public_catkin_ws/devel/share/common-lisp/ros/pal_interaction_msgs/msg/_package_ASRStatus.lisp
Symlinking /root/ari_public_catkin_ws/devel/share/common-lisp/ros/pal_interaction_msgs/msg/TtsResult.lisp
Symlinking /root/ari_public_catkin_ws/devel/share/common-lisp/ros/pal_interaction_msgs/msg/SoundAction.lisp
Symlinking /root/ari_public_catkin_ws/devel/share/common-lisp/ros/pal_interaction_msgs/msg/_package_ASRLanguage.lisp
Symlinking /root/ari_public_catkin_ws/devel/share/common-lisp/ros/pal_interaction_msgs/msg/_package_AudioPlayActionFeedback.lisp
Symlinking /root/ari_public_catkin_ws/devel/share/common-lisp/ros/pal_interaction_msgs/msg/TTSstate.lisp
Symlinking /root/ari_public_catkin_ws/devel/share/common-lisp/ros/pal_interaction_msgs/msg/_package_TTSstate.lisp
Symlinking /root/ari_public_catkin_ws/devel/share/common-lisp/ros/pal_interaction_msgs/msg/_package_InputArgument.lisp
Symlinking /root/ari_public_catkin_ws/devel/share/common-lisp/ros/pal_interaction_msgs/msg/_package_AudioDeviceDescription.lisp
Symlinking /root/ari_public_catkin_ws/devel/share/common-lisp/ros/pal_interaction_msgs/msg/_package_AudioPlayerState.lisp
Symlinking /root/ari_public_catkin_ws/devel/share/common-lisp/ros/pal_interaction_msgs/msg/_package_ASRFileFeedback.lisp
Symlinking /root/ari_public_catkin_ws/devel/share/common-lisp/ros/pal_interaction_msgs/msg/TtsAction.lisp
Symlinking /root/ari_public_catkin_ws/devel/share/common-lisp/ros/pal_interaction_msgs/msg/_package_ASRSrvResponse.lisp
Symlinking /root/ari_public_catkin_ws/devel/share/common-lisp/ros/pal_interaction_msgs/msg/ASRLangModelMngmt.lisp
Symlinking /root/ari_public_catkin_ws/devel/share/common-lisp/ros/pal_interaction_msgs/msg/_package_I18nText.lisp
Symlinking /root/ari_public_catkin_ws/devel/share/common-lisp/ros/pal_interaction_msgs/msg/_package_ASRFileActionResult.lisp
Symlinking /root/ari_public_catkin_ws/devel/share/common-lisp/ros/pal_interaction_msgs/msg/_package_TtsAction.lisp
Symlinking /root/ari_public_catkin_ws/devel/share/common-lisp/ros/pal_interaction_msgs/msg/_package_AudioPlayFeedback.lisp
Symlinking /root/ari_public_catkin_ws/devel/share/common-lisp/ros/pal_interaction_msgs/msg/ASRFileFeedback.lisp
Symlinking /root/ari_public_catkin_ws/devel/share/common-lisp/ros/pal_interaction_msgs/msg/AudioPlayActionGoal.lisp
Symlinking /root/ari_public_catkin_ws/devel/share/common-lisp/ros/pal_interaction_msgs/msg/TtsActionFeedback.lisp
Symlinking /root/ari_public_catkin_ws/devel/share/common-lisp/ros/pal_interaction_msgs/msg/_package_ASREvent.lisp
Symlinking /root/ari_public_catkin_ws/devel/share/common-lisp/ros/pal_interaction_msgs/msg/_package_SoundResult.lisp
Symlinking /root/ari_public_catkin_ws/devel/share/common-lisp/ros/pal_interaction_msgs/msg/_package_audiosignal.lisp
Symlinking /root/ari_public_catkin_ws/devel/share/common-lisp/ros/pal_interaction_msgs/msg/_package_ASRFileAction.lisp
Symlinking /root/ari_public_catkin_ws/devel/share/common-lisp/ros/pal_interaction_msgs/msg/AudioPlayActionResult.lisp
Symlinking /root/ari_public_catkin_ws/devel/share/common-lisp/ros/pal_interaction_msgs/msg/DirectionOfArrival.lisp
Symlinking /root/ari_public_catkin_ws/devel/share/common-lisp/ros/pal_interaction_msgs/msg/SoundActionResult.lisp
Symlinking /root/ari_public_catkin_ws/devel/share/common-lisp/ros/pal_interaction_msgs/msg/AudioPlayAction.lisp
Symlinking /root/ari_public_catkin_ws/devel/share/common-lisp/ros/pal_interaction_msgs/msg/ASRFileAction.lisp
Symlinking /root/ari_public_catkin_ws/devel/share/common-lisp/ros/pal_interaction_msgs/msg/I18nText.lisp
Symlinking /root/ari_public_catkin_ws/devel/share/common-lisp/ros/pal_interaction_msgs/msg/_package_ASRLangModelMngmt.lisp
Symlinking /root/ari_public_catkin_ws/devel/share/common-lisp/ros/pal_interaction_msgs/msg/_package_Input.lisp
Symlinking /root/ari_public_catkin_ws/devel/share/common-lisp/ros/pal_interaction_msgs/msg/_package_ASRFileGoal.lisp
Symlinking /root/ari_public_catkin_ws/devel/share/common-lisp/ros/pal_interaction_msgs/msg/_package_SoundAction.lisp
Symlinking /root/ari_public_catkin_ws/devel/share/common-lisp/ros/pal_interaction_msgs/msg/_package_TtsActionGoal.lisp
Symlinking /root/ari_public_catkin_ws/devel/share/common-lisp/ros/pal_interaction_msgs/msg/VoiceActivity.lisp
Symlinking /root/ari_public_catkin_ws/devel/share/common-lisp/ros/pal_interaction_msgs/msg/AudioPlayerState.lisp
Symlinking /root/ari_public_catkin_ws/devel/share/common-lisp/ros/pal_interaction_msgs/msg/_package_TtsGoal.lisp
Symlinking /root/ari_public_catkin_ws/devel/share/common-lisp/ros/pal_interaction_msgs/msg/_package_EnablingSoundLocalisation.lisp
Symlinking /root/ari_public_catkin_ws/devel/share/common-lisp/ros/pal_interaction_msgs/msg/_package_AudioPlayGoal.lisp
Symlinking /root/ari_public_catkin_ws/devel/share/common-lisp/ros/pal_interaction_msgs/msg/_package_SoundActionFeedback.lisp
Symlinking /root/ari_public_catkin_ws/devel/share/common-lisp/ros/pal_interaction_msgs/msg/ASRStatus.lisp
Symlinking /root/ari_public_catkin_ws/devel/share/common-lisp/ros/pal_interaction_msgs/msg/_package_SoundFeedback.lisp
Symlinking /root/ari_public_catkin_ws/devel/share/common-lisp/ros/pal_interaction_msgs/msg/TtsGoal.lisp
Symlinking /root/ari_public_catkin_ws/devel/share/common-lisp/ros/pal_interaction_msgs/msg/_package_actiontag.lisp
Symlinking /root/ari_public_catkin_ws/devel/share/common-lisp/ros/pal_interaction_msgs/msg/TtsMark.lisp
Symlinking /root/ari_public_catkin_ws/devel/share/common-lisp/ros/pal_interaction_msgs/msg/AudioPlayResult.lisp
Symlinking /root/ari_public_catkin_ws/devel/share/common-lisp/ros/pal_interaction_msgs/msg/SoundGoal.lisp
Symlinking /root/ari_public_catkin_ws/devel/share/common-lisp/ros/pal_interaction_msgs/msg/_package_TtsFeedback.lisp
Symlinking /root/ari_public_catkin_ws/devel/share/common-lisp/ros/pal_interaction_msgs/msg/_package_SoundActionGoal.lisp
Symlinking /root/ari_public_catkin_ws/devel/share/common-lisp/ros/pal_interaction_msgs/msg/_package_TtsResult.lisp
Symlinking /root/ari_public_catkin_ws/devel/share/common-lisp/ros/pal_interaction_msgs/msg/_package_TtsActionFeedback.lisp
Symlinking /root/ari_public_catkin_ws/devel/share/common-lisp/ros/pal_interaction_msgs/msg/InputArgument.lisp
Symlinking /root/ari_public_catkin_ws/devel/share/common-lisp/ros/pal_interaction_msgs/msg/EnablingSoundLocalisation.lisp
Symlinking /root/ari_public_catkin_ws/devel/share/common-lisp/ros/pal_interaction_msgs/msg/I18nArgument.lisp
Symlinking /root/ari_public_catkin_ws/devel/share/common-lisp/ros/pal_interaction_msgs/msg/AudioDeviceDescription.lisp
Symlinking /root/ari_public_catkin_ws/devel/share/common-lisp/ros/pal_interaction_msgs/msg/AudioPlayFeedback.lisp
Symlinking /root/ari_public_catkin_ws/devel/share/common-lisp/ros/pal_interaction_msgs/msg/_package_asrresult.lisp
Symlinking /root/ari_public_catkin_ws/devel/share/common-lisp/ros/pal_interaction_msgs/msg/ASRFileActionFeedback.lisp
Symlinking /root/ari_public_catkin_ws/devel/share/common-lisp/ros/pal_interaction_msgs/msg/ASRLanguage.lisp
Symlinking /root/ari_public_catkin_ws/devel/share/common-lisp/ros/pal_interaction_msgs/msg/ASRFileActionResult.lisp
Symlinking /root/ari_public_catkin_ws/devel/share/common-lisp/ros/pal_interaction_msgs/msg/SoundResult.lisp
Symlinking /root/ari_public_catkin_ws/devel/share/common-lisp/ros/pal_interaction_msgs/msg/audiosignal.lisp
Symlinking /root/ari_public_catkin_ws/devel/share/common-lisp/ros/pal_interaction_msgs/msg/TtsActionResult.lisp
Symlinking /root/ari_public_catkin_ws/devel/share/common-lisp/ros/pal_interaction_msgs/msg/ASRActivation.lisp
Symlinking /root/ari_public_catkin_ws/devel/share/common-lisp/ros/pal_interaction_msgs/msg/WebGuiEvent.lisp
Symlinking /root/ari_public_catkin_ws/devel/share/common-lisp/ros/pal_interaction_msgs/msg/_package_AudioPlayResult.lisp
Symlinking /root/ari_public_catkin_ws/devel/share/common-lisp/ros/pal_interaction_msgs/msg/_package_TtsMark.lisp
Symlinking /root/ari_public_catkin_ws/devel/share/pal_interaction_msgs/cmake/pal_interaction_msgsConfig-version.cmake
Symlinking /root/ari_public_catkin_ws/devel/share/pal_interaction_msgs/cmake/pal_interaction_msgsConfig.cmake
Symlinking /root/ari_public_catkin_ws/devel/share/pal_interaction_msgs/cmake/pal_interaction_msgs-msg-paths.cmake
Symlinking /root/ari_public_catkin_ws/devel/share/pal_interaction_msgs/cmake/pal_interaction_msgs-msg-extras.cmake
Symlinking /root/ari_public_catkin_ws/devel/share/pal_interaction_msgs/msg/AudioPlayActionResult.msg
Symlinking /root/ari_public_catkin_ws/devel/share/pal_interaction_msgs/msg/AudioPlayActionFeedback.msg
Symlinking /root/ari_public_catkin_ws/devel/share/pal_interaction_msgs/msg/SoundAction.msg
Symlinking /root/ari_public_catkin_ws/devel/share/pal_interaction_msgs/msg/SoundFeedback.msg
Symlinking /root/ari_public_catkin_ws/devel/share/pal_interaction_msgs/msg/AudioPlayGoal.msg
Symlinking /root/ari_public_catkin_ws/devel/share/pal_interaction_msgs/msg/AudioPlayFeedback.msg
Symlinking /root/ari_public_catkin_ws/devel/share/pal_interaction_msgs/msg/SoundResult.msg
Symlinking /root/ari_public_catkin_ws/devel/share/pal_interaction_msgs/msg/ASRFileGoal.msg
Symlinking /root/ari_public_catkin_ws/devel/share/pal_interaction_msgs/msg/ASRFileFeedback.msg
Symlinking /root/ari_public_catkin_ws/devel/share/pal_interaction_msgs/msg/AudioPlayResult.msg
Symlinking /root/ari_public_catkin_ws/devel/share/pal_interaction_msgs/msg/SoundActionGoal.msg
Symlinking /root/ari_public_catkin_ws/devel/share/pal_interaction_msgs/msg/SoundGoal.msg
Symlinking /root/ari_public_catkin_ws/devel/share/pal_interaction_msgs/msg/TtsFeedback.msg
Symlinking /root/ari_public_catkin_ws/devel/share/pal_interaction_msgs/msg/TtsResult.msg
Symlinking /root/ari_public_catkin_ws/devel/share/pal_interaction_msgs/msg/ASRFileActionFeedback.msg
Symlinking /root/ari_public_catkin_ws/devel/share/pal_interaction_msgs/msg/TtsActionResult.msg
Symlinking /root/ari_public_catkin_ws/devel/share/pal_interaction_msgs/msg/TtsActionFeedback.msg
Symlinking /root/ari_public_catkin_ws/devel/share/pal_interaction_msgs/msg/AudioPlayActionGoal.msg
Symlinking /root/ari_public_catkin_ws/devel/share/pal_interaction_msgs/msg/ASRFileActionGoal.msg
Symlinking /root/ari_public_catkin_ws/devel/share/pal_interaction_msgs/msg/SoundActionResult.msg
Symlinking /root/ari_public_catkin_ws/devel/share/pal_interaction_msgs/msg/TtsAction.msg
Symlinking /root/ari_public_catkin_ws/devel/share/pal_interaction_msgs/msg/SoundActionFeedback.msg
Symlinking /root/ari_public_catkin_ws/devel/share/pal_interaction_msgs/msg/TtsGoal.msg
Symlinking /root/ari_public_catkin_ws/devel/share/pal_interaction_msgs/msg/AudioPlayAction.msg
Symlinking /root/ari_public_catkin_ws/devel/share/pal_interaction_msgs/msg/TtsActionGoal.msg
Symlinking /root/ari_public_catkin_ws/devel/share/pal_interaction_msgs/msg/ASRFileAction.msg
Symlinking /root/ari_public_catkin_ws/devel/share/pal_interaction_msgs/msg/ASRFileActionResult.msg
Symlinking /root/ari_public_catkin_ws/devel/share/pal_interaction_msgs/msg/ASRFileResult.msg
