Determining if the pthread_create exist failed with the following output:
Change Dir: /root/ari_public_catkin_ws/build/play_motion/CMakeFiles/CMakeTmp

Run Build Command:"/usr/bin/make" "cmTC_76bc3/fast"
/usr/bin/make -f CMakeFiles/cmTC_76bc3.dir/build.make CMakeFiles/cmTC_76bc3.dir/build
make[1]: Entering directory '/root/ari_public_catkin_ws/build/play_motion/CMakeFiles/CMakeTmp'
Building C object CMakeFiles/cmTC_76bc3.dir/CheckSymbolExists.c.o
/usr/bin/cc    -o CMakeFiles/cmTC_76bc3.dir/CheckSymbolExists.c.o   -c /root/ari_public_catkin_ws/build/play_motion/CMakeFiles/CMakeTmp/CheckSymbolExists.c
Linking C executable cmTC_76bc3
/usr/bin/cmake -E cmake_link_script CMakeFiles/cmTC_76bc3.dir/link.txt --verbose=1
/usr/bin/cc      -rdynamic CMakeFiles/cmTC_76bc3.dir/CheckSymbolExists.c.o  -o cmTC_76bc3 
CMakeFiles/cmTC_76bc3.dir/CheckSymbolExists.c.o: In function `main':
CheckSymbolExists.c:(.text+0x1b): undefined reference to `pthread_create'
collect2: error: ld returned 1 exit status
CMakeFiles/cmTC_76bc3.dir/build.make:97: recipe for target 'cmTC_76bc3' failed
make[1]: *** [cmTC_76bc3] Error 1
make[1]: Leaving directory '/root/ari_public_catkin_ws/build/play_motion/CMakeFiles/CMakeTmp'
Makefile:126: recipe for target 'cmTC_76bc3/fast' failed
make: *** [cmTC_76bc3/fast] Error 2

File /root/ari_public_catkin_ws/build/play_motion/CMakeFiles/CMakeTmp/CheckSymbolExists.c:
/* */
#include <pthread.h>

int main(int argc, char** argv)
{
  (void)argv;
#ifndef pthread_create
  return ((int*)(&pthread_create))[argc];
#else
  (void)argc;
  return 0;
#endif
}

Determining if the function pthread_create exists in the pthreads failed with the following output:
Change Dir: /root/ari_public_catkin_ws/build/play_motion/CMakeFiles/CMakeTmp

Run Build Command:"/usr/bin/make" "cmTC_8649c/fast"
/usr/bin/make -f CMakeFiles/cmTC_8649c.dir/build.make CMakeFiles/cmTC_8649c.dir/build
make[1]: Entering directory '/root/ari_public_catkin_ws/build/play_motion/CMakeFiles/CMakeTmp'
Building C object CMakeFiles/cmTC_8649c.dir/CheckFunctionExists.c.o
/usr/bin/cc   -DCHECK_FUNCTION_EXISTS=pthread_create   -o CMakeFiles/cmTC_8649c.dir/CheckFunctionExists.c.o   -c /usr/share/cmake-3.10/Modules/CheckFunctionExists.c
Linking C executable cmTC_8649c
/usr/bin/cmake -E cmake_link_script CMakeFiles/cmTC_8649c.dir/link.txt --verbose=1
/usr/bin/cc  -DCHECK_FUNCTION_EXISTS=pthread_create    -rdynamic CMakeFiles/cmTC_8649c.dir/CheckFunctionExists.c.o  -o cmTC_8649c -lpthreads 
/usr/bin/ld: cannot find -lpthreads
collect2: error: ld returned 1 exit status
CMakeFiles/cmTC_8649c.dir/build.make:97: recipe for target 'cmTC_8649c' failed
make[1]: *** [cmTC_8649c] Error 1
make[1]: Leaving directory '/root/ari_public_catkin_ws/build/play_motion/CMakeFiles/CMakeTmp'
Makefile:126: recipe for target 'cmTC_8649c/fast' failed
make: *** [cmTC_8649c/fast] Error 2


