Determining if the pthread_create exist failed with the following output:
Change Dir: /root/ari_public_catkin_ws/build/gazebo_ros_control/CMakeFiles/CMakeTmp

Run Build Command:"/usr/bin/make" "cmTC_c73f7/fast"
/usr/bin/make -f CMakeFiles/cmTC_c73f7.dir/build.make CMakeFiles/cmTC_c73f7.dir/build
make[1]: Entering directory '/root/ari_public_catkin_ws/build/gazebo_ros_control/CMakeFiles/CMakeTmp'
Building C object CMakeFiles/cmTC_c73f7.dir/CheckSymbolExists.c.o
/usr/bin/cc    -o CMakeFiles/cmTC_c73f7.dir/CheckSymbolExists.c.o   -c /root/ari_public_catkin_ws/build/gazebo_ros_control/CMakeFiles/CMakeTmp/CheckSymbolExists.c
Linking C executable cmTC_c73f7
/usr/bin/cmake -E cmake_link_script CMakeFiles/cmTC_c73f7.dir/link.txt --verbose=1
/usr/bin/cc      -rdynamic CMakeFiles/cmTC_c73f7.dir/CheckSymbolExists.c.o  -o cmTC_c73f7 
CMakeFiles/cmTC_c73f7.dir/CheckSymbolExists.c.o: In function `main':
CheckSymbolExists.c:(.text+0x1b): undefined reference to `pthread_create'
collect2: error: ld returned 1 exit status
CMakeFiles/cmTC_c73f7.dir/build.make:97: recipe for target 'cmTC_c73f7' failed
make[1]: *** [cmTC_c73f7] Error 1
make[1]: Leaving directory '/root/ari_public_catkin_ws/build/gazebo_ros_control/CMakeFiles/CMakeTmp'
Makefile:126: recipe for target 'cmTC_c73f7/fast' failed
make: *** [cmTC_c73f7/fast] Error 2

File /root/ari_public_catkin_ws/build/gazebo_ros_control/CMakeFiles/CMakeTmp/CheckSymbolExists.c:
/* */
#include <pthread.h>

int main(int argc, char** argv)
{
  (void)argv;
#ifndef pthread_create
  return ((int*)(&pthread_create))[argc];
#else
  (void)argc;
  return 0;
#endif
}

Determining if the function pthread_create exists in the pthreads failed with the following output:
Change Dir: /root/ari_public_catkin_ws/build/gazebo_ros_control/CMakeFiles/CMakeTmp

Run Build Command:"/usr/bin/make" "cmTC_a32e8/fast"
/usr/bin/make -f CMakeFiles/cmTC_a32e8.dir/build.make CMakeFiles/cmTC_a32e8.dir/build
make[1]: Entering directory '/root/ari_public_catkin_ws/build/gazebo_ros_control/CMakeFiles/CMakeTmp'
Building C object CMakeFiles/cmTC_a32e8.dir/CheckFunctionExists.c.o
/usr/bin/cc   -DCHECK_FUNCTION_EXISTS=pthread_create   -o CMakeFiles/cmTC_a32e8.dir/CheckFunctionExists.c.o   -c /usr/share/cmake-3.10/Modules/CheckFunctionExists.c
Linking C executable cmTC_a32e8
/usr/bin/cmake -E cmake_link_script CMakeFiles/cmTC_a32e8.dir/link.txt --verbose=1
/usr/bin/cc  -DCHECK_FUNCTION_EXISTS=pthread_create    -rdynamic CMakeFiles/cmTC_a32e8.dir/CheckFunctionExists.c.o  -o cmTC_a32e8 -lpthreads 
/usr/bin/ld: cannot find -lpthreads
collect2: error: ld returned 1 exit status
CMakeFiles/cmTC_a32e8.dir/build.make:97: recipe for target 'cmTC_a32e8' failed
make[1]: *** [cmTC_a32e8] Error 1
make[1]: Leaving directory '/root/ari_public_catkin_ws/build/gazebo_ros_control/CMakeFiles/CMakeTmp'
Makefile:126: recipe for target 'cmTC_a32e8/fast' failed
make: *** [cmTC_a32e8/fast] Error 2


