[35m[1mScanning dependencies of target std_msgs_generate_messages_cpp[0m
[  0%] Built target std_msgs_generate_messages_cpp
[35m[1mScanning dependencies of target _ari_opencv_tutorial_generate_messages_check_deps_valueMatrix[0m
[  0%] Built target _ari_opencv_tutorial_generate_messages_check_deps_valueMatrix
[35m[1mScanning dependencies of target std_msgs_generate_messages_nodejs[0m
[  0%] Built target std_msgs_generate_messages_nodejs
[35m[1mScanning dependencies of target std_msgs_generate_messages_lisp[0m
[  0%] Built target std_msgs_generate_messages_lisp
[35m[1mScanning dependencies of target std_msgs_generate_messages_eus[0m
[  0%] Built target std_msgs_generate_messages_eus
[35m[1mScanning dependencies of target std_msgs_generate_messages_py[0m
[  0%] Built target std_msgs_generate_messages_py
[35m[1mScanning dependencies of target ari_opencv_tutorial_generate_messages_cpp[0m
[ 11%] [34m[1mGenerating C++ code from ari_opencv_tutorial/valueMatrix.msg[0m
[ 11%] Built target ari_opencv_tutorial_generate_messages_cpp
[35m[1mScanning dependencies of target ari_opencv_tutorial_generate_messages_nodejs[0m
[ 22%] [34m[1mGenerating Javascript code from ari_opencv_tutorial/valueMatrix.msg[0m
[ 22%] Built target ari_opencv_tutorial_generate_messages_nodejs
[35m[1mScanning dependencies of target ari_opencv_tutorial_generate_messages_lisp[0m
[ 33%] [34m[1mGenerating Lisp code from ari_opencv_tutorial/valueMatrix.msg[0m
[ 33%] Built target ari_opencv_tutorial_generate_messages_lisp
[35m[1mScanning dependencies of target ari_opencv_tutorial_generate_messages_eus[0m
[ 44%] [34m[1mGenerating EusLisp code from ari_opencv_tutorial/valueMatrix.msg[0m
[ 55%] [34m[1mGenerating EusLisp manifest code for ari_opencv_tutorial[0m
[ 55%] Built target ari_opencv_tutorial_generate_messages_eus
[35m[1mScanning dependencies of target ari_opencv_tutorial_generate_messages_py[0m
[ 66%] [34m[1mGenerating Python from MSG ari_opencv_tutorial/valueMatrix[0m
[ 77%] [34m[1mGenerating Python msg __init__.py for ari_opencv_tutorial[0m
[ 77%] Built target ari_opencv_tutorial_generate_messages_py
[35m[1mScanning dependencies of target corner_detection[0m
[ 88%] [32mBuilding CXX object CMakeFiles/corner_detection.dir/src/corner_detection.cpp.o[0m
[100%] [32m[1mLinking CXX executable /root/ari_public_catkin_ws/devel/.private/ari_opencv_tutorial/lib/ari_opencv_tutorial/corner_detection[0m
[100%] Built target corner_detection
[35m[1mScanning dependencies of target ari_opencv_tutorial_generate_messages[0m
[100%] Built target ari_opencv_tutorial_generate_messages
