Determining if the pthread_create exist failed with the following output:
Change Dir: /root/ari_public_catkin_ws/build/head_action/CMakeFiles/CMakeTmp

Run Build Command:"/usr/bin/make" "cmTC_994d2/fast"
/usr/bin/make -f CMakeFiles/cmTC_994d2.dir/build.make CMakeFiles/cmTC_994d2.dir/build
make[1]: Entering directory '/root/ari_public_catkin_ws/build/head_action/CMakeFiles/CMakeTmp'
Building C object CMakeFiles/cmTC_994d2.dir/CheckSymbolExists.c.o
/usr/bin/cc    -o CMakeFiles/cmTC_994d2.dir/CheckSymbolExists.c.o   -c /root/ari_public_catkin_ws/build/head_action/CMakeFiles/CMakeTmp/CheckSymbolExists.c
Linking C executable cmTC_994d2
/usr/bin/cmake -E cmake_link_script CMakeFiles/cmTC_994d2.dir/link.txt --verbose=1
/usr/bin/cc      -rdynamic CMakeFiles/cmTC_994d2.dir/CheckSymbolExists.c.o  -o cmTC_994d2 
CMakeFiles/cmTC_994d2.dir/CheckSymbolExists.c.o: In function `main':
CheckSymbolExists.c:(.text+0x1b): undefined reference to `pthread_create'
collect2: error: ld returned 1 exit status
CMakeFiles/cmTC_994d2.dir/build.make:97: recipe for target 'cmTC_994d2' failed
make[1]: *** [cmTC_994d2] Error 1
make[1]: Leaving directory '/root/ari_public_catkin_ws/build/head_action/CMakeFiles/CMakeTmp'
Makefile:126: recipe for target 'cmTC_994d2/fast' failed
make: *** [cmTC_994d2/fast] Error 2

File /root/ari_public_catkin_ws/build/head_action/CMakeFiles/CMakeTmp/CheckSymbolExists.c:
/* */
#include <pthread.h>

int main(int argc, char** argv)
{
  (void)argv;
#ifndef pthread_create
  return ((int*)(&pthread_create))[argc];
#else
  (void)argc;
  return 0;
#endif
}

Determining if the function pthread_create exists in the pthreads failed with the following output:
Change Dir: /root/ari_public_catkin_ws/build/head_action/CMakeFiles/CMakeTmp

Run Build Command:"/usr/bin/make" "cmTC_586c1/fast"
/usr/bin/make -f CMakeFiles/cmTC_586c1.dir/build.make CMakeFiles/cmTC_586c1.dir/build
make[1]: Entering directory '/root/ari_public_catkin_ws/build/head_action/CMakeFiles/CMakeTmp'
Building C object CMakeFiles/cmTC_586c1.dir/CheckFunctionExists.c.o
/usr/bin/cc   -DCHECK_FUNCTION_EXISTS=pthread_create   -o CMakeFiles/cmTC_586c1.dir/CheckFunctionExists.c.o   -c /usr/share/cmake-3.10/Modules/CheckFunctionExists.c
Linking C executable cmTC_586c1
/usr/bin/cmake -E cmake_link_script CMakeFiles/cmTC_586c1.dir/link.txt --verbose=1
/usr/bin/cc  -DCHECK_FUNCTION_EXISTS=pthread_create    -rdynamic CMakeFiles/cmTC_586c1.dir/CheckFunctionExists.c.o  -o cmTC_586c1 -lpthreads 
/usr/bin/ld: cannot find -lpthreads
collect2: error: ld returned 1 exit status
CMakeFiles/cmTC_586c1.dir/build.make:97: recipe for target 'cmTC_586c1' failed
make[1]: *** [cmTC_586c1] Error 1
make[1]: Leaving directory '/root/ari_public_catkin_ws/build/head_action/CMakeFiles/CMakeTmp'
Makefile:126: recipe for target 'cmTC_586c1/fast' failed
make: *** [cmTC_586c1/fast] Error 2


